2026-06-09 17:04:34, MOVE, v:1, k:fup@troco, mode:DOWN
2026-06-09 17:04:36, MOVE, v:1, k:fup@troco, mode:PICK
2026-06-09 17:04:37, EXEC, v:1, k:fup@troco, mode:FULL, rate:0, size:5
2026-06-09 17:04:34, MOVE, v:1, k:fup@troco, mode:EDIT
2026-06-09 17:04:34, MOVE, v:1, k:fup@troco, mode:EDIT
2026-06-09 17:04:34, MOVE, v:1, k:fup@troco, mode:EDIT
2026-06-09 17:04:37, MOVE, v:1, k:fup@troco, mode:EDIT
2026-06-09 17:06:41, MOVE, v:1, k:fup@troco, mode:EDIT
2026-06-09 17:11:56, MOVE, v:1, k:fup@troco, mode:EDIT
2026-06-09 17:17:01, MOVE, v:1, k:fup@troco, mode:EDIT
2026-06-09 17:20:16, MOVE, v:1, k:fup@troco, mode:EDIT
2026-06-09 17:26:06, MOVE, v:1, k:fup@troco, mode:EDIT
2026-06-09 17:45:30, EXEC, v:1, k:fup@troco, mode:FULL, rate:100, size:36
2026-06-09 17:45:36, MOVE, v:1, k:fup@troco, mode:BACK
2026-06-09 17:46:31, SELF, v:1, k:fup@troco, self:1, rate:100
2026-06-09 17:45:28, MOVE, v:1, k:fup@troco, mode:EDIT
2026-06-09 17:45:30, MOVE, v:1, k:fup@troco, mode:EDIT
2026-06-09 17:47:29, MOVE, v:1, k:fup@vet_ii, mode:PICK
2026-06-09 17:47:30, EXEC, v:1, k:fup@vet_ii, mode:FULL, rate:0, size:20
2026-06-09 17:47:32, EXEC, v:1, k:fup@vet_ii, mode:FULL, rate:0
2026-06-09 17:47:33, MOVE, v:1, k:fup@vet_ii, mode:BACK
2026-06-09 17:47:46, MOVE, v:1, k:fup@parkour, mode:DOWN
2026-06-09 17:47:47, MOVE, v:1, k:fup@parkour, mode:PICK
2026-06-09 17:47:48, EXEC, v:1, k:fup@parkour, mode:FULL, rate:0, size:5
2026-06-09 17:47:50, EXEC, v:1, k:fup@parkour, mode:FULL, rate:0
2026-06-09 17:47:32, MOVE, v:1, k:fup@vet_ii, mode:EDIT
2026-06-09 17:47:46, MOVE, v:1, k:fup@parkour, mode:EDIT
2026-06-09 17:47:46, MOVE, v:1, k:fup@parkour, mode:EDIT
2026-06-09 17:47:50, MOVE, v:1, k:fup@parkour, mode:EDIT
2026-06-09 18:12:01, EXEC, v:1, k:fup@parkour, mode:FULL, size:47, fail:COMP
2026-06-09 18:12:00, MOVE, v:1, k:fup@parkour, mode:EDIT
2026-06-09 18:12:53, EXEC, v:1, k:fup@parkour, mode:FULL, size:47, fail:COMP
2026-06-09 18:13:05, EXEC, v:1, k:fup@parkour, mode:FULL, rate:0, size:47
2026-06-09 18:15:10, EXEC, v:1, k:fup@parkour, mode:FULL, rate:100, size:27
2026-06-09 18:15:20, EXEC, v:1, k:fup@parkour, mode:FULL, rate:100, size:27
2026-06-09 18:15:21, MOVE, v:1, k:fup@parkour, mode:BACK
2026-06-09 18:15:24, MOVE, v:1, k:fup@parkour, mode:PICK
2026-06-09 18:15:26, MOVE, v:1, k:fup@parkour, mode:BACK
2026-06-09 18:15:34, SELF, v:1, k:fup@parkour, self:1, rate:100
2026-06-09 18:16:20, MOVE, v:1, k:fup@jedi, mode:DOWN
2026-06-09 18:16:21, MOVE, v:1, k:fup@jedi, mode:PICK
2026-06-09 18:16:22, EXEC, v:1, k:fup@jedi, mode:FULL, rate:0, size:5
2026-06-09 18:16:44, EXEC, v:1, k:fup@jedi, mode:FULL, rate:100, size:34
2026-06-09 18:16:48, MOVE, v:1, k:fup@jedi, mode:BACK
2026-06-09 18:16:53, SELF, v:1, k:fup@jedi, self:1, rate:100
2026-06-09 18:15:18, MOVE, v:1, k:fup@parkour, mode:EDIT
2026-06-09 18:15:20, MOVE, v:1, k:fup@parkour, mode:EDIT
2026-06-09 18:16:20, MOVE, v:1, k:fup@jedi, mode:EDIT
2026-06-09 18:16:20, MOVE, v:1, k:fup@jedi, mode:EDIT
2026-06-09 18:16:20, MOVE, v:1, k:fup@jedi, mode:EDIT
2026-06-09 18:16:44, MOVE, v:1, k:fup@jedi, mode:EDIT
2026-06-09 18:16:42, MOVE, v:1, k:fup@jedi, mode:EDIT
