2026-03-17 00:00:37, EXEC, v:1, k:fup@sobrou, mode:FULL, rate:0, size:13
2026-03-17 00:02:49, EXEC, v:1, k:fup@sobrou, mode:FULL, rate:0, size:13
2026-03-17 00:05:30, EXEC, v:1, k:fup@sobrou, mode:FULL, rate:0, size:14
2026-03-17 00:06:00, EXEC, v:1, k:fup@sobrou, mode:FULL, rate:0, size:14
2026-03-17 00:06:55, EXEC, v:1, k:fup@sobrou, mode:FULL, rate:0, size:14
2026-03-17 00:07:47, EXEC, v:1, k:fup@sobrou, mode:FULL, rate:0, size:14
2026-03-17 00:09:20, EXEC, v:1, k:fup@sobrou, mode:FULL, rate:14, size:14
2026-03-17 00:12:13, EXEC, v:1, k:fup@sobrou, mode:FULL, rate:0, size:14
2026-03-17 00:12:38, EXEC, v:1, k:fup@sobrou, mode:FULL, rate:14, size:14
2026-03-17 00:14:16, EXEC, v:1, k:fup@sobrou, mode:FULL, rate:0, size:14
2026-03-17 00:15:34, EXEC, v:1, k:fup@sobrou, mode:FULL, rate:0, size:14
2026-03-17 00:18:52, EXEC, v:1, k:fup@sobrou, mode:FULL, rate:100, size:14
2026-03-17 00:21:56, MOVE, v:1, k:fup@sobrou, mode:BACK
2026-03-17 00:22:39, MOVE, v:1, k:fup@sobrou, mode:PICK
2026-03-17 00:22:45, MOVE, v:1, k:fup@sobrou, mode:BACK
2026-03-17 00:23:14, SELF, v:1, k:fup@sobrou, self:1, rate:100, study:50, friend:Keven 
2026-03-17 00:32:29, MOVE, v:1, k:sandbox@user_005, mode:PICK
2026-03-17 00:32:35, EXEC, v:1, k:sandbox@user_005, mode:LOCK, rate:0, size:5
2026-03-17 00:32:58, EXEC, v:1, k:sandbox@user_005, mode:LOCK, rate:0, size:5
2026-03-17 00:39:46, EXEC, v:1, k:sandbox@user_005, mode:LOCK, rate:0, size:8
2026-03-17 00:42:01, EXEC, v:1, k:sandbox@user_005, mode:LOCK, rate:0, size:9
2026-03-17 00:48:29, EXEC, v:1, k:sandbox@user_005, mode:LOCK, rate:0
