2026-03-22 14:29:50, MOVE, v:1, k:fup@segundos, mode:PICK
2026-03-22 14:32:58, EXEC, v:1, k:fup@segundos, mode:FULL, rate:100, size:23
2026-03-22 14:34:44, MOVE, v:1, k:fup@segundos, mode:BACK
2026-03-22 14:35:35, SELF, v:1, k:fup@segundos, self:1, rate:100, concept:1
2026-03-22 14:35:42, MOVE, v:1, k:fup@celsius, mode:DOWN
2026-03-22 14:36:44, MOVE, v:1, k:fup@celsius, mode:PICK
2026-03-22 15:02:59, EXEC, v:1, k:fup@celsius, mode:FULL, rate:100, size:8
2026-03-22 15:03:39, MOVE, v:1, k:fup@celsius, mode:BACK
2026-03-22 15:03:54, SELF, v:1, k:fup@celsius, self:1, rate:100, concept:1
2026-03-22 15:04:06, MOVE, v:1, k:fup@pintando, mode:DOWN
2026-03-22 15:04:09, MOVE, v:1, k:fup@pintando, mode:PICK
2026-03-22 15:24:54, EXEC, v:1, k:fup@pintando, mode:FULL, rate:100, size:11
2026-03-22 15:26:07, MOVE, v:1, k:fup@pintando, mode:BACK
2026-03-22 15:26:21, SELF, v:1, k:fup@pintando, self:1, rate:100, concept:1
2026-03-22 15:26:46, MOVE, v:1, k:fup@bala, mode:DOWN
2026-03-22 15:27:12, MOVE, v:1, k:fup@bala, mode:PICK
2026-03-22 15:44:59, MOVE, v:1, k:fup@bala, mode:BACK
2026-03-22 15:48:49, MOVE, v:1, k:fup@resto, mode:PICK
2026-03-22 15:48:53, MOVE, v:1, k:fup@resto, mode:BACK
2026-03-22 15:52:57, MOVE, v:1, k:fup@jokenpo, mode:DOWN
2026-03-22 15:53:13, MOVE, v:1, k:fup@jokenpo, mode:PICK
2026-03-22 16:20:23, EXEC, v:1, k:fup@jokenpo, mode:FULL, rate:75, size:18
2026-03-22 16:23:57, EXEC, v:1, k:fup@jokenpo, mode:FULL, rate:100, size:18
2026-03-22 16:28:54, MOVE, v:1, k:fup@jokenpo, mode:BACK
2026-03-22 16:29:17, SELF, v:1, k:fup@jokenpo, self:1, rate:100, concept:1
2026-03-22 16:41:07, MOVE, v:1, k:fup@bala, mode:PICK
2026-03-22 16:50:51, EXEC, v:1, k:fup@bala, mode:FULL, rate:100, size:10
2026-03-22 16:52:09, MOVE, v:1, k:fup@bala, mode:BACK
2026-03-22 16:52:45, SELF, v:1, k:fup@bala, self:1, rate:100, concept:1
