2026-04-13 17:05:23, MOVE, v:1, k:eval1@bala, mode:DOWN
2026-04-13 17:05:27, MOVE, v:1, k:eval1@bala, mode:PICK
2026-04-13 17:05:32, EXEC, v:1, k:eval1@bala, mode:FULL, rate:0, size:5
2026-04-13 17:06:35, EXEC, v:1, k:eval1@bala, mode:FULL, rate:100, size:10
2026-04-13 17:06:45, MOVE, v:1, k:eval1@bala, mode:BACK
2026-04-13 17:06:57, SELF, v:1, k:eval1@bala, self:1, rate:100
2026-04-13 17:07:02, MOVE, v:1, k:eval1@mumia, mode:DOWN
2026-04-13 17:07:04, MOVE, v:1, k:eval1@mumia, mode:PICK
2026-04-13 17:07:05, EXEC, v:1, k:eval1@mumia, mode:FULL, rate:0, size:5
2026-04-13 17:08:40, EXEC, v:1, k:eval1@mumia, mode:FULL, rate:100, size:23
2026-04-13 17:08:43, MOVE, v:1, k:eval1@mumia, mode:BACK
2026-04-13 17:08:59, MOVE, v:1, k:eval1@monica, mode:DOWN
2026-04-13 17:09:01, MOVE, v:1, k:eval1@monica, mode:PICK
2026-04-13 17:05:23, MOVE, v:1, k:eval1@bala, mode:EDIT
2026-04-13 17:06:31, MOVE, v:1, k:eval1@bala, mode:EDIT
2026-04-13 17:06:35, MOVE, v:1, k:eval1@bala, mode:EDIT
2026-04-13 17:07:02, MOVE, v:1, k:eval1@mumia, mode:EDIT
2026-04-13 17:07:02, MOVE, v:1, k:eval1@mumia, mode:EDIT
2026-04-13 17:08:38, MOVE, v:1, k:eval1@mumia, mode:EDIT
2026-04-13 17:08:40, MOVE, v:1, k:eval1@mumia, mode:EDIT
2026-04-13 17:08:59, MOVE, v:1, k:eval1@monica, mode:EDIT
2026-04-13 17:08:59, MOVE, v:1, k:eval1@monica, mode:EDIT
2026-04-13 17:08:59, MOVE, v:1, k:eval1@monica, mode:EDIT
2026-04-13 17:10:23, EXEC, v:1, k:eval1@monica, mode:FULL, rate:100, size:20
2026-04-13 17:10:26, MOVE, v:1, k:eval1@monica, mode:BACK
2026-04-13 17:10:31, MOVE, v:1, k:eval1@pares, mode:DOWN
2026-04-13 17:10:34, MOVE, v:1, k:eval1@pares, mode:PICK
2026-04-13 17:10:36, EXEC, v:1, k:eval1@pares, mode:FULL, rate:0, size:5
2026-04-13 17:10:15, MOVE, v:1, k:eval1@monica, mode:EDIT
2026-04-13 17:10:22, MOVE, v:1, k:eval1@monica, mode:EDIT
2026-04-13 17:10:31, MOVE, v:1, k:eval1@pares, mode:EDIT
2026-04-13 17:10:31, MOVE, v:1, k:eval1@pares, mode:EDIT
2026-04-13 17:10:45, MOVE, v:1, k:eval1@pares, mode:EDIT
2026-04-13 17:10:36, MOVE, v:1, k:eval1@pares, mode:EDIT
2026-04-13 17:18:20, MOVE, v:1, k:eval1@pares, mode:EDIT
2026-04-13 17:21:23, MOVE, v:1, k:eval1@pares, mode:BACK
2026-04-13 17:24:43, MOVE, v:1, k:eval1@mumia, mode:PICK
2026-04-13 17:24:45, EXEC, v:1, k:eval1@mumia, mode:FULL, rate:100
2026-04-13 17:24:48, MOVE, v:1, k:eval1@mumia, mode:BACK
2026-04-13 17:24:57, MOVE, v:1, k:eval1@bala, mode:PICK
2026-04-13 17:24:58, EXEC, v:1, k:eval1@bala, mode:FULL, rate:100
2026-04-13 17:25:00, MOVE, v:1, k:eval1@bala, mode:BACK
2026-04-13 17:25:06, SELF, v:1, k:eval1@mumia, self:1, rate:100
2026-04-13 17:25:18, SELF, v:1, k:eval1@monica, self:1, rate:100
2026-04-13 17:25:40, MOVE, v:1, k:eval1@ceu, mode:DOWN
2026-04-13 17:26:53, MOVE, v:1, k:eval1@pares, mode:PICK
2026-04-13 17:26:58, EXEC, v:1, k:eval1@pares, mode:FULL, rate:0, size:7
2026-04-13 17:24:44, MOVE, v:1, k:eval1@mumia, mode:EDIT
2026-04-13 17:24:58, MOVE, v:1, k:eval1@bala, mode:EDIT
2026-04-13 17:25:40, MOVE, v:1, k:eval1@ceu, mode:EDIT
2026-04-13 17:25:40, MOVE, v:1, k:eval1@ceu, mode:EDIT
2026-04-13 17:25:40, MOVE, v:1, k:eval1@ceu, mode:EDIT
2026-04-13 17:26:58, MOVE, v:1, k:eval1@pares, mode:EDIT
2026-04-13 17:28:34, MOVE, v:1, k:eval1@pares, mode:EDIT
2026-04-13 17:30:26, MOVE, v:1, k:eval1@pares, mode:EDIT
2026-04-13 17:37:01, EXEC, v:1, k:eval1@pares, mode:FULL, rate:85, size:15
2026-04-13 17:37:04, EXEC, v:1, k:eval1@pares, mode:FULL, rate:85
2026-04-13 17:38:22, EXEC, v:1, k:eval1@pares, mode:FULL, rate:85, size:19
2026-04-13 17:38:56, EXEC, v:1, k:eval1@pares, mode:FULL, rate:100, size:21
2026-04-13 17:39:02, MOVE, v:1, k:eval1@pares, mode:BACK
2026-04-13 17:38:53, MOVE, v:1, k:eval1@pares, mode:EDIT
2026-04-13 17:38:56, MOVE, v:1, k:eval1@pares, mode:EDIT
2026-04-13 17:39:42, SELF, v:1, k:eval1@pares, self:1, rate:100
2026-04-13 17:39:49, MOVE, v:1, k:eval1@ceu, mode:PICK
2026-04-13 17:42:38, MOVE, v:1, k:eval1@ceu, mode:EDIT
2026-04-13 17:48:05, EXEC, v:1, k:eval1@ceu, mode:FULL, rate:0, size:16
2026-04-13 17:49:14, MOVE, v:1, k:eval1@ceu, mode:EDIT
2026-04-13 17:48:05, MOVE, v:1, k:eval1@ceu, mode:EDIT
2026-04-13 17:49:53, EXEC, v:1, k:eval1@ceu, mode:FULL, size:16, fail:COMP
2026-04-13 17:49:57, EXEC, v:1, k:eval1@ceu, mode:FULL, fail:COMP
2026-04-13 17:50:02, EXEC, v:1, k:eval1@ceu, mode:FULL, fail:COMP
2026-04-13 17:50:53, EXEC, v:1, k:eval1@ceu, mode:FULL, rate:0, size:18
2026-04-13 17:51:23, EXEC, v:1, k:eval1@ceu, mode:FULL, rate:0
2026-04-13 17:51:57, EXEC, v:1, k:eval1@ceu, mode:FULL, rate:0, size:18
2026-04-13 17:51:59, EXEC, v:1, k:eval1@ceu, mode:FULL, rate:0
2026-04-13 17:51:59, EXEC, v:1, k:eval1@ceu, mode:FULL, rate:0
2026-04-13 17:52:00, EXEC, v:1, k:eval1@ceu, mode:FULL, rate:0
2026-04-13 17:53:01, EXEC, v:1, k:eval1@ceu, mode:FULL, rate:0, size:18
2026-04-13 17:53:31, EXEC, v:1, k:eval1@ceu, mode:FULL, rate:0, size:18
2026-04-13 17:53:49, MOVE, v:1, k:eval1@ceu, mode:EDIT
2026-04-13 17:53:31, MOVE, v:1, k:eval1@ceu, mode:EDIT
2026-04-13 17:58:17, EXEC, v:1, k:eval1@ceu, mode:FULL, rate:0, size:18
2026-04-13 17:59:17, MOVE, v:1, k:eval1@ceu, mode:EDIT
2026-04-13 17:58:17, MOVE, v:1, k:eval1@ceu, mode:EDIT
2026-04-13 17:59:29, EXEC, v:1, k:eval1@ceu, mode:FULL, rate:0, size:21
2026-04-13 17:59:50, EXEC, v:1, k:eval1@ceu, mode:FULL, rate:0, size:21
2026-04-13 18:00:11, EXEC, v:1, k:eval1@ceu, mode:FULL, rate:0, size:21
2026-04-13 18:00:38, EXEC, v:1, k:eval1@ceu, mode:FULL, rate:0, size:21
2026-04-13 18:00:49, EXEC, v:1, k:eval1@ceu, mode:FULL, rate:0, size:22
2026-04-13 18:01:08, EXEC, v:1, k:eval1@ceu, mode:FULL, rate:0, size:24
2026-04-13 18:01:34, EXEC, v:1, k:eval1@ceu, mode:FULL, rate:0
2026-04-13 18:02:17, EXEC, v:1, k:eval1@ceu, mode:FULL, rate:0, size:24
2026-04-13 18:03:18, EXEC, v:1, k:eval1@ceu, mode:FULL, rate:0, size:24
2026-04-13 18:03:41, EXEC, v:1, k:eval1@ceu, mode:FULL, rate:0
2026-04-13 18:04:10, EXEC, v:1, k:eval1@ceu, mode:FULL, rate:0, size:24
2026-04-13 18:04:08, MOVE, v:1, k:eval1@ceu, mode:EDIT
2026-04-13 18:04:10, MOVE, v:1, k:eval1@ceu, mode:EDIT
2026-04-13 18:04:22, EXEC, v:1, k:eval1@ceu, mode:FULL, rate:0, size:24
2026-04-13 18:04:37, EXEC, v:1, k:eval1@ceu, mode:FULL, rate:0, size:23
2026-04-13 18:04:48, EXEC, v:1, k:eval1@ceu, mode:FULL, rate:0, size:23
2026-04-13 18:06:05, EXEC, v:1, k:eval1@ceu, mode:FULL, rate:0
2026-04-13 18:06:18, EXEC, v:1, k:eval1@ceu, mode:FULL, rate:0
2026-04-13 18:07:06, EXEC, v:1, k:eval1@ceu, mode:FULL, rate:0, size:23
2026-04-13 18:07:03, MOVE, v:1, k:eval1@ceu, mode:EDIT
2026-04-13 18:07:06, MOVE, v:1, k:eval1@ceu, mode:EDIT
