2026-03-23 10:53:50, MOVE, v:1, k:fup@max, mode:PICK
2026-03-23 10:54:06, EXEC, v:1, k:fup@max, mode:FULL, rate:0, size:5
2026-03-23 10:59:05, EXEC, v:1, k:fup@max, mode:FULL, rate:100, size:11
2026-03-23 10:59:36, MOVE, v:1, k:fup@max, mode:BACK
2026-03-23 10:59:39, MOVE, v:1, k:fup@ou, mode:DOWN
2026-03-23 10:59:47, MOVE, v:1, k:fup@ou, mode:PICK
2026-03-23 11:02:05, MOVE, v:1, k:fup@ou, mode:BACK
2026-03-23 11:02:07, MOVE, v:1, k:fup@ou, mode:PICK
2026-03-23 11:02:16, EXEC, v:1, k:fup@ou, mode:FULL, rate:0, size:5
2026-03-23 11:02:30, EXEC, v:1, k:fup@ou, mode:FULL, rate:0
2026-03-23 11:03:10, EXEC, v:1, k:fup@ou, mode:FULL, rate:0
2026-03-23 11:17:15, EXEC, v:1, k:fup@ou, mode:FULL, rate:100, size:12
2026-03-23 11:25:05, MOVE, v:1, k:fup@ou, mode:BACK
2026-03-23 11:25:09, MOVE, v:1, k:fup@positivo, mode:DOWN
2026-03-23 11:25:17, MOVE, v:1, k:fup@positivo, mode:PICK
2026-03-23 11:25:18, EXEC, v:1, k:fup@positivo, mode:FULL, rate:0, size:5
2026-03-23 11:31:30, EXEC, v:1, k:fup@positivo, mode:FULL, rate:60, size:11
2026-03-23 11:33:41, EXEC, v:1, k:fup@positivo, mode:FULL, rate:60
2026-03-23 11:34:32, EXEC, v:1, k:fup@positivo, mode:FULL, rate:60, size:11
2026-03-23 11:35:25, EXEC, v:1, k:fup@positivo, mode:FULL, rate:60, size:11
2026-03-23 11:36:23, EXEC, v:1, k:fup@positivo, mode:FULL, rate:60, size:12
2026-03-23 11:42:57, MOVE, v:1, k:fup@positivo, mode:BACK
2026-03-23 11:43:04, MOVE, v:1, k:fup@multiplo, mode:DOWN
2026-03-23 11:43:21, MOVE, v:1, k:fup@multiplo, mode:PICK
2026-03-23 11:48:17, EXEC, v:1, k:fup@multiplo, mode:FULL, rate:100, size:11
2026-03-23 11:48:30, MOVE, v:1, k:fup@multiplo, mode:BACK
2026-03-23 11:48:50, MOVE, v:1, k:fup@calc, mode:DOWN
2026-03-23 11:48:51, MOVE, v:1, k:fup@calc, mode:PICK
2026-03-23 11:48:54, EXEC, v:1, k:fup@calc, mode:FULL, rate:0, size:5
2026-03-23 11:49:44, EXEC, v:1, k:fup@calc, mode:FULL, rate:0
2026-03-23 11:54:00, MOVE, v:1, k:fup@calc, mode:BACK
2026-03-23 11:54:10, MOVE, v:1, k:fup@guarda, mode:DOWN
2026-03-23 11:54:13, MOVE, v:1, k:fup@guarda, mode:PICK
2026-03-23 11:54:18, EXEC, v:1, k:fup@guarda, mode:FULL, rate:0, size:5
2026-03-23 11:54:18, EXEC, v:1, k:fup@guarda, mode:FULL, rate:0, size:5
2026-03-23 12:02:02, MOVE, v:1, k:fup@guarda, mode:BACK
2026-03-23 12:02:17, SELF, v:1, k:fup@max, self:1, rate:100
2026-03-23 12:02:28, SELF, v:1, k:fup@ou, self:1, rate:100
2026-03-23 12:02:36, MOVE, v:1, k:fup@positivo, mode:PICK
2026-03-23 12:02:40, MOVE, v:1, k:fup@positivo, mode:BACK
2026-03-23 12:02:46, SELF, v:1, k:fup@multiplo, self:1, rate:100
2026-03-23 12:02:52, SELF, v:1, k:fup@positivo, self:1, rate:60
2026-03-23 12:03:04, MOVE, v:1, k:fup@quantos, mode:DOWN
2026-03-23 12:03:07, MOVE, v:1, k:fup@quantos, mode:PICK
2026-03-23 12:03:18, EXEC, v:1, k:fup@quantos, mode:FULL, size:5, fail:COMP
2026-03-23 12:03:27, EXEC, v:1, k:fup@quantos, mode:FULL, rate:0, size:5
2026-03-23 12:08:12, MOVE, v:1, k:fup@quantos, mode:BACK
2026-03-23 12:08:16, MOVE, v:1, k:fup@positivo, mode:PICK
2026-03-23 12:08:20, EXEC, v:1, k:fup@positivo, mode:FULL, rate:100, size:12
2026-03-23 12:09:00, MOVE, v:1, k:fup@positivo, mode:BACK
2026-03-23 12:24:08, MOVE, v:1, k:fup@quebrada, mode:DOWN
2026-03-23 12:24:12, MOVE, v:1, k:fup@quebrada, mode:PICK
2026-03-23 12:24:15, EXEC, v:1, k:fup@quebrada, mode:FULL, rate:0, size:5
