2026-06-28 15:12:43, MOVE, v:1, k:fup@copos, mode:PICK
2026-06-28 15:12:52, EXEC, v:1, k:fup@copos, mode:FULL, rate:0
2026-06-28 15:12:52, MOVE, v:1, k:fup@copos, mode:EDIT
2026-06-28 15:17:03, MOVE, v:1, k:fup@copos, mode:EDIT
2026-06-28 15:21:56, MOVE, v:1, k:fup@copos, mode:EDIT
2026-06-28 15:25:10, EXEC, v:1, k:fup@copos, mode:FULL, rate:100, size:29
2026-06-28 15:25:15, MOVE, v:1, k:fup@copos, mode:BACK
2026-06-28 15:25:21, MOVE, v:1, k:fup@primo, mode:DOWN
2026-06-28 15:25:29, MOVE, v:1, k:fup@primo, mode:PICK
2026-06-28 15:25:31, EXEC, v:1, k:fup@primo, mode:FULL, rate:0, size:5
2026-06-28 15:23:32, MOVE, v:1, k:fup@copos, mode:EDIT
2026-06-28 15:25:10, MOVE, v:1, k:fup@copos, mode:EDIT
2026-06-28 15:25:21, MOVE, v:1, k:fup@primo, mode:EDIT
2026-06-28 15:25:30, MOVE, v:1, k:fup@primo, mode:EDIT
2026-06-28 15:32:02, MOVE, v:1, k:fup@primo, mode:EDIT
2026-06-28 15:34:03, EXEC, v:1, k:fup@primo, mode:FULL, size:43, fail:COMP
2026-06-28 15:34:03, EXEC, v:1, k:fup@primo, mode:FULL, size:43, fail:COMP
2026-06-28 15:35:12, EXEC, v:1, k:fup@primo, mode:FULL, size:44, fail:COMP
2026-06-28 15:37:03, MOVE, v:1, k:fup@primo, mode:EDIT
2026-06-28 15:39:52, EXEC, v:1, k:fup@primo, mode:FULL, size:50, fail:COMP
2026-06-28 15:40:59, MOVE, v:1, k:fup@primo, mode:EDIT
2026-06-28 15:43:17, EXEC, v:1, k:fup@primo, mode:FULL, size:46, fail:COMP
2026-06-28 15:45:38, EXEC, v:1, k:fup@primo, mode:FULL, size:47, fail:COMP
2026-06-28 15:46:41, EXEC, v:1, k:fup@primo, mode:FULL, size:51, fail:COMP
2026-06-28 15:46:15, MOVE, v:1, k:fup@primo, mode:EDIT
2026-06-28 15:47:24, MOVE, v:1, k:fup@primo, mode:EDIT
2026-06-28 15:55:04, EXEC, v:1, k:fup@primo, mode:FULL, size:48, fail:COMP
2026-06-28 15:55:29, EXEC, v:1, k:fup@primo, mode:FULL, size:49, fail:COMP
2026-06-28 15:56:14, EXEC, v:1, k:fup@primo, mode:FULL, fail:COMP
2026-06-28 15:56:40, EXEC, v:1, k:fup@primo, mode:FULL, size:52, fail:COMP
2026-06-28 15:56:37, MOVE, v:1, k:fup@primo, mode:EDIT
2026-06-28 16:00:40, EXEC, v:1, k:fup@primo, mode:FULL, size:51, fail:COMP
2026-06-28 16:01:18, MOVE, v:1, k:fup@primo, mode:EDIT
2026-06-28 19:47:25, MOVE, v:1, k:fup@sopa, mode:DOWN
2026-06-28 19:47:32, MOVE, v:1, k:fup@sopa, mode:PICK
2026-06-28 19:47:34, EXEC, v:1, k:fup@sopa, mode:FULL, rate:0, size:5
2026-06-28 19:47:25, MOVE, v:1, k:fup@sopa, mode:EDIT
2026-06-28 19:47:33, MOVE, v:1, k:fup@sopa, mode:EDIT
2026-06-28 19:51:49, MOVE, v:1, k:fup@sopa, mode:EDIT
2026-06-28 19:56:51, MOVE, v:1, k:fup@sopa, mode:EDIT
2026-06-28 20:01:23, EXEC, v:1, k:fup@sopa, mode:FULL, size:39, fail:COMP
2026-06-28 20:01:48, EXEC, v:1, k:fup@sopa, mode:FULL, size:39, fail:COMP
2026-06-28 20:01:47, MOVE, v:1, k:fup@sopa, mode:EDIT
2026-06-28 20:04:48, EXEC, v:1, k:fup@sopa, mode:FULL, rate:100, size:39
2026-06-28 20:04:51, MOVE, v:1, k:fup@sopa, mode:BACK
2026-06-28 20:05:13, SELF, v:1, k:fup@copos, self:1, rate:100, concept:1
2026-06-28 20:05:15, MOVE, v:1, k:fup@primo, mode:PICK
2026-06-28 20:05:17, EXEC, v:1, k:fup@primo, mode:FULL, size:51, fail:COMP
2026-06-28 20:05:18, MOVE, v:1, k:fup@primo, mode:BACK
2026-06-28 20:05:33, SELF, v:1, k:fup@sopa, self:1, rate:100, concept:1
2026-06-28 20:05:36, MOVE, v:1, k:fup@castelos, mode:PICK
2026-06-28 20:05:38, EXEC, v:1, k:fup@castelos, mode:FULL, rate:100
2026-06-28 20:05:39, MOVE, v:1, k:fup@castelos, mode:BACK
2026-06-28 20:05:56, SELF, v:1, k:fup@castelos, self:1, rate:100, concept:1
2026-06-28 20:06:06, SELF, v:1, k:fup@afogado, self:1, rate:100, concept:1
2026-06-28 20:06:16, SELF, v:1, k:fup@fatores, self:1, rate:100, concept:1
2026-06-28 20:06:23, SELF, v:1, k:fup@sapinho, self:1, rate:100
2026-06-28 20:06:28, MOVE, v:1, k:fup@digitos, mode:DOWN
2026-06-28 20:06:29, MOVE, v:1, k:fup@digitos, mode:PICK
2026-06-28 20:06:58, MOVE, v:1, k:fup@castelos, mode:PICK
2026-06-28 20:07:00, EXEC, v:1, k:fup@castelos, mode:FULL, rate:100
2026-06-28 20:07:14, MOVE, v:1, k:fup@castelos, mode:BACK
2026-06-28 20:07:22, MOVE, v:1, k:fup@digitos, mode:PICK
2026-06-28 20:07:23, EXEC, v:1, k:fup@digitos, mode:FULL, rate:0, size:5
2026-06-28 20:07:36, MOVE, v:1, k:fup@digitos, mode:PICK
2026-06-28 20:07:38, EXEC, v:1, k:fup@digitos, mode:FULL, rate:0
2026-06-28 20:07:38, MOVE, v:1, k:fup@digitos, mode:EDIT
2026-06-28 20:12:32, MOVE, v:1, k:fup@digitos, mode:EDIT
2026-06-28 20:13:39, EXEC, v:1, k:fup@digitos, mode:FULL, rate:0, size:22
2026-06-28 20:14:21, EXEC, v:1, k:fup@digitos, mode:FULL, rate:0, size:23
2026-06-28 20:14:25, EXEC, v:1, k:fup@digitos, mode:FULL, rate:0
2026-06-28 20:15:15, EXEC, v:1, k:fup@digitos, mode:FULL, rate:100, size:26
2026-06-28 20:15:20, MOVE, v:1, k:fup@digitos, mode:BACK
2026-06-28 20:15:27, SELF, v:1, k:fup@digitos, self:1, rate:100, concept:1
2026-06-28 20:16:39, MOVE, v:1, k:fup@baruel, mode:DOWN
2026-06-28 20:16:41, MOVE, v:1, k:fup@baruel, mode:PICK
2026-06-28 20:16:43, EXEC, v:1, k:fup@baruel, mode:FULL, rate:0, size:5
2026-06-28 20:15:13, MOVE, v:1, k:fup@digitos, mode:EDIT
2026-06-28 20:15:15, MOVE, v:1, k:fup@digitos, mode:EDIT
2026-06-28 20:16:39, MOVE, v:1, k:fup@baruel, mode:EDIT
2026-06-28 20:16:43, MOVE, v:1, k:fup@baruel, mode:EDIT
2026-06-28 20:22:35, MOVE, v:1, k:fup@baruel, mode:EDIT
2026-06-28 20:27:31, MOVE, v:1, k:fup@baruel, mode:EDIT
2026-06-28 20:32:34, MOVE, v:1, k:fup@baruel, mode:EDIT
2026-06-28 20:37:25, MOVE, v:1, k:fup@baruel, mode:EDIT
2026-06-28 20:38:24, EXEC, v:1, k:fup@baruel, mode:FULL, rate:0, size:50
2026-06-28 20:39:12, EXEC, v:1, k:fup@baruel, mode:FULL, rate:0, size:50
2026-06-28 20:39:38, EXEC, v:1, k:fup@baruel, mode:FULL, rate:0, size:51
2026-06-28 20:39:58, EXEC, v:1, k:fup@baruel, mode:FULL, rate:100, size:51
2026-06-28 20:40:05, MOVE, v:1, k:fup@baruel, mode:BACK
2026-06-28 20:40:13, SELF, v:1, k:fup@baruel, self:1, rate:100, concept:1
2026-06-28 20:40:21, MOVE, v:1, k:fup@tazos, mode:DOWN
2026-06-28 20:40:24, MOVE, v:1, k:fup@tazos, mode:PICK
2026-06-28 20:40:35, EXEC, v:1, k:fup@tazos, mode:FULL, rate:0, size:5
2026-06-28 20:39:56, MOVE, v:1, k:fup@baruel, mode:EDIT
2026-06-28 20:39:58, MOVE, v:1, k:fup@baruel, mode:EDIT
2026-06-28 20:40:21, MOVE, v:1, k:fup@tazos, mode:EDIT
2026-06-28 20:40:35, MOVE, v:1, k:fup@tazos, mode:EDIT
2026-06-28 20:42:33, MOVE, v:1, k:fup@tazos, mode:EDIT
2026-06-28 20:46:05, MOVE, v:1, k:fup@tazos, mode:EDIT
2026-06-28 20:52:15, MOVE, v:1, k:fup@tazos, mode:EDIT
2026-06-28 20:57:37, MOVE, v:1, k:fup@tazos, mode:EDIT
2026-06-28 21:02:23, EXEC, v:1, k:fup@tazos, mode:FULL, rate:100, size:43
2026-06-28 21:02:35, MOVE, v:1, k:fup@tazos, mode:BACK
2026-06-28 21:02:20, MOVE, v:1, k:fup@tazos, mode:EDIT
2026-06-28 21:02:23, MOVE, v:1, k:fup@tazos, mode:EDIT
2026-06-28 21:02:42, SELF, v:1, k:fup@tazos, self:1, rate:100, concept:1
2026-06-28 21:03:32, MOVE, v:1, k:fup@revolta, mode:DOWN
2026-06-28 21:03:33, MOVE, v:1, k:fup@revolta, mode:PICK
2026-06-28 21:03:35, EXEC, v:1, k:fup@revolta, mode:FULL, rate:0, size:5
2026-06-28 21:03:32, MOVE, v:1, k:fup@revolta, mode:EDIT
2026-06-28 21:03:35, MOVE, v:1, k:fup@revolta, mode:EDIT
2026-06-28 21:07:35, MOVE, v:1, k:fup@revolta, mode:EDIT
2026-06-28 21:12:35, MOVE, v:1, k:fup@revolta, mode:EDIT
2026-06-28 21:13:55, EXEC, v:1, k:fup@revolta, mode:FULL, size:41, fail:COMP
2026-06-28 21:15:49, EXEC, v:1, k:fup@revolta, mode:FULL, rate:100, size:42
2026-06-28 21:15:54, MOVE, v:1, k:fup@revolta, mode:BACK
2026-06-28 21:16:00, SELF, v:1, k:fup@revolta, self:1, rate:100, concept:1
2026-06-28 21:16:33, MOVE, v:1, k:fup@cartas, mode:DOWN
2026-06-28 21:16:35, MOVE, v:1, k:fup@cartas, mode:PICK
2026-06-28 21:16:55, MOVE, v:1, k:fup@revolta, mode:PICK
2026-06-28 21:17:00, EXEC, v:1, k:fup@revolta, mode:FULL, rate:100
2026-06-28 21:17:03, MOVE, v:1, k:fup@revolta, mode:BACK
2026-06-28 21:17:06, MOVE, v:1, k:fup@cartas, mode:PICK
2026-06-28 21:17:09, EXEC, v:1, k:fup@cartas, mode:FULL, rate:0, size:5
2026-06-28 21:17:00, MOVE, v:1, k:fup@revolta, mode:EDIT
2026-06-28 21:17:09, MOVE, v:1, k:fup@cartas, mode:EDIT
2026-06-28 21:21:53, MOVE, v:1, k:fup@cartas, mode:EDIT
2026-06-28 21:26:47, MOVE, v:1, k:fup@cartas, mode:EDIT
2026-06-28 21:30:05, EXEC, v:1, k:fup@cartas, mode:FULL, rate:60, size:41
2026-06-28 21:31:49, MOVE, v:1, k:fup@cartas, mode:EDIT
2026-06-28 21:30:05, MOVE, v:1, k:fup@cartas, mode:EDIT
2026-06-28 21:32:14, EXEC, v:1, k:fup@cartas, mode:FULL, rate:60, size:42
2026-06-28 21:32:14, MOVE, v:1, k:fup@cartas, mode:EDIT
2026-06-28 21:36:53, MOVE, v:1, k:fup@cartas, mode:EDIT
2026-06-28 21:41:54, MOVE, v:1, k:fup@cartas, mode:EDIT
2026-06-28 21:45:20, EXEC, v:1, k:fup@cartas, mode:FULL, rate:0, size:55
2026-06-28 21:46:22, EXEC, v:1, k:fup@cartas, mode:FULL, rate:0, size:55
2026-06-28 21:46:13, MOVE, v:1, k:fup@cartas, mode:EDIT
2026-06-28 21:46:22, MOVE, v:1, k:fup@cartas, mode:EDIT
