2026-03-24 13:22:30, MOVE, v:1, k:fup@impar, mode:DOWN
2026-03-24 13:22:34, MOVE, v:1, k:fup@impar, mode:PICK
2026-03-24 13:22:42, EXEC, v:1, k:fup@impar, mode:FULL, rate:0, size:5
2026-03-24 16:17:30, MOVE, v:1, k:fup@guarda, mode:PICK
2026-03-24 16:17:33, EXEC, v:1, k:fup@guarda, mode:FULL, rate:0, size:6
2026-03-24 16:49:26, EXEC, v:1, k:fup@guarda, mode:FULL, size:18, fail:COMP
2026-03-24 16:52:19, EXEC, v:1, k:fup@guarda, mode:FULL, rate:85, size:27
2026-03-24 16:54:02, EXEC, v:1, k:fup@guarda, mode:FULL, rate:0, size:46
2026-03-24 16:54:37, EXEC, v:1, k:fup@guarda, mode:FULL, rate:85, size:46
2026-03-24 16:55:05, EXEC, v:1, k:fup@guarda, mode:FULL, rate:71, size:46
2026-03-24 16:55:37, EXEC, v:1, k:fup@guarda, mode:FULL, rate:85, size:46
2026-03-24 16:56:49, EXEC, v:1, k:fup@guarda, mode:FULL, rate:85
2026-03-24 16:57:40, EXEC, v:1, k:fup@guarda, mode:FULL, rate:100, size:46
2026-03-24 16:59:59, MOVE, v:1, k:fup@guarda, mode:BACK
2026-03-24 17:00:11, SELF, v:1, k:fup@guarda, self:1, rate:100
2026-03-24 17:00:29, MOVE, v:1, k:fup@quantos, mode:PICK
2026-03-24 17:00:31, EXEC, v:1, k:fup@quantos, mode:FULL, rate:0, size:11
2026-03-24 17:26:20, MOVE, v:1, k:fup@quantos, mode:BACK
2026-03-24 17:31:03, MOVE, v:1, k:fup@pr_jokenpo, mode:DOWN
2026-03-24 17:31:22, MOVE, v:1, k:fup@pr_jokenpo, mode:PICK
2026-03-24 17:32:22, EXEC, v:1, k:fup@pr_jokenpo, mode:LOCK, rate:0, size:5
2026-03-24 17:32:32, MOVE, v:1, k:fup@pr_jokenpo, mode:BACK
2026-03-24 17:36:19, MOVE, v:1, k:fup@pr_jokenpo, mode:PICK
2026-03-24 17:36:29, MOVE, v:1, k:fup@pr_jokenpo, mode:BACK
2026-03-24 17:36:40, MOVE, v:1, k:fup@tres, mode:PICK
2026-03-24 17:36:42, MOVE, v:1, k:fup@tres, mode:BACK
2026-03-24 17:38:53, MOVE, v:1, k:fup@jokenpo15, mode:DOWN
2026-03-24 17:38:53, MOVE, v:1, k:fup@jokenpo15, mode:PICK
2026-03-24 17:38:55, EXEC, v:1, k:fup@jokenpo15, mode:FULL, rate:0, size:5
2026-03-24 17:54:39, MOVE, v:1, k:fup@jokenpo15, mode:BACK
2026-03-24 17:54:54, MOVE, v:1, k:sandbox@user_005, mode:PICK
2026-03-24 17:54:55, EXEC, v:1, k:sandbox@user_005, mode:LOCK, rate:0, size:110
2026-03-24 18:00:18, EXEC, v:1, k:sandbox@user_005, mode:LOCK, rate:0, size:120
2026-03-24 19:51:08, MOVE, v:1, k:sandbox@user_005, mode:PICK
2026-03-24 19:51:12, EXEC, v:1, k:sandbox@user_005, mode:LOCK, rate:0, size:120
2026-03-24 19:51:32, MOVE, v:1, k:sandbox@user_005, mode:BACK
2026-03-24 19:51:35, MOVE, v:1, k:sandbox@user_005, mode:PICK
2026-03-24 19:51:37, EXEC, v:1, k:sandbox@user_005, mode:LOCK, rate:0
2026-03-24 19:54:24, EXEC, v:1, k:sandbox@user_005, mode:LOCK, rate:0, size:120
2026-03-24 19:57:33, MOVE, v:1, k:sandbox@user_005, mode:BACK
2026-03-24 19:58:00, MOVE, v:1, k:fup@quantos, mode:PICK
2026-03-24 19:58:02, EXEC, v:1, k:fup@quantos, mode:FULL, rate:100, size:15
