2026-03-31 00:04:54, EXEC, v:1, k:fup@impar, mode:FULL, size:28, fail:COMP
2026-03-31 00:08:15, EXEC, v:1, k:fup@impar, mode:FULL, rate:50, size:28
2026-03-31 00:18:06, EXEC, v:1, k:fup@impar, mode:FULL, rate:71, size:22
2026-03-31 00:30:42, EXEC, v:1, k:fup@impar, mode:FULL, rate:42, size:24
2026-03-31 00:30:53, EXEC, v:1, k:fup@impar, mode:FULL, rate:42
2026-03-31 00:31:35, EXEC, v:1, k:fup@impar, mode:FULL, rate:42, size:24
2026-03-31 00:31:40, EXEC, v:1, k:fup@impar, mode:FULL, rate:42
2026-03-31 00:39:15, EXEC, v:1, k:fup@impar, mode:FULL, rate:100, size:28
2026-03-31 00:45:02, MOVE, v:1, k:fup@impar, mode:BACK
2026-03-31 00:46:02, SELF, v:1, k:fup@impar, self:1, rate:100, concept:1
2026-03-31 00:47:27, MOVE, v:1, k:fup@round, mode:PICK
2026-03-31 00:47:29, EXEC, v:1, k:fup@round, mode:FULL, rate:8
2026-03-31 00:49:36, MOVE, v:1, k:fup@round, mode:BACK
2026-03-31 00:49:42, MOVE, v:1, k:fup@mumia, mode:DOWN
2026-03-31 00:49:44, MOVE, v:1, k:fup@mumia, mode:PICK
2026-03-31 00:49:49, EXEC, v:1, k:fup@mumia, mode:FULL, rate:0, size:5
2026-03-31 01:13:58, EXEC, v:1, k:fup@mumia, mode:FULL, rate:0, size:22
2026-03-31 01:16:10, EXEC, v:1, k:fup@mumia, mode:FULL, rate:0, size:22
2026-03-31 01:20:59, EXEC, v:1, k:fup@mumia, mode:FULL, rate:100, size:23
2026-03-31 01:24:26, MOVE, v:1, k:fup@mumia, mode:BACK
2026-03-31 01:25:36, SELF, v:1, k:fup@mumia, self:1, rate:100, concept:1
2026-03-31 01:28:33, MOVE, v:1, k:fup@meio, mode:DOWN
2026-03-31 01:28:35, MOVE, v:1, k:fup@meio, mode:PICK
2026-03-31 01:28:38, EXEC, v:1, k:fup@meio, mode:FULL, rate:0, size:5
2026-03-31 01:42:04, EXEC, v:1, k:fup@meio, mode:FULL, rate:60, size:16
2026-03-31 01:43:33, EXEC, v:1, k:fup@meio, mode:FULL, rate:100, size:17
