2026-04-19 18:41:58, MOVE, v:1, k:sandbox@user_001, mode:PICK
2026-04-19 18:42:00, MOVE, v:1, k:sandbox@user_001, mode:BACK
2026-04-19 18:49:59, MOVE, v:1, k:fup@drone, mode:PICK
2026-04-19 18:50:00, EXEC, v:1, k:fup@drone, mode:FULL, rate:100
2026-04-19 18:50:02, EXEC, v:1, k:fup@drone, mode:FULL, rate:100
2026-04-19 18:50:04, MOVE, v:1, k:fup@drone, mode:BACK
2026-04-19 18:50:09, MOVE, v:1, k:fup@cortada, mode:PICK
2026-04-19 18:50:13, EXEC, v:1, k:fup@cortada, mode:FULL, rate:0, size:8
2026-04-19 18:50:16, MOVE, v:1, k:fup@cortada, mode:BACK
2026-04-19 18:50:26, MOVE, v:1, k:fup@teleferico, mode:PICK
2026-04-19 18:50:27, EXEC, v:1, k:fup@teleferico, mode:FULL, rate:0
2026-04-19 18:50:02, MOVE, v:1, k:fup@drone, mode:EDIT
2026-04-19 18:50:13, MOVE, v:1, k:fup@cortada, mode:EDIT
2026-04-19 18:50:27, MOVE, v:1, k:fup@teleferico, mode:EDIT
2026-04-19 18:51:12, EXEC, v:1, k:fup@teleferico, mode:FULL, rate:0
2026-04-19 18:51:12, EXEC, v:1, k:fup@teleferico, mode:FULL, rate:0
2026-04-19 18:51:13, EXEC, v:1, k:fup@teleferico, mode:FULL, rate:0
2026-04-19 18:51:13, EXEC, v:1, k:fup@teleferico, mode:FULL, rate:0
2026-04-19 18:51:14, MOVE, v:1, k:fup@teleferico, mode:EDIT
2026-04-19 19:00:30, MOVE, v:1, k:fup@teleferico, mode:EDIT
2026-04-19 19:03:53, EXEC, v:1, k:fup@teleferico, mode:FULL, rate:0, size:19
2026-04-19 19:03:57, EXEC, v:1, k:fup@teleferico, mode:FULL, rate:0
2026-04-19 19:05:56, MOVE, v:1, k:fup@teleferico, mode:EDIT
2026-04-19 19:03:57, MOVE, v:1, k:fup@teleferico, mode:EDIT
2026-04-19 19:06:04, EXEC, v:1, k:fup@teleferico, mode:FULL, rate:62, size:19
2026-04-19 19:07:29, EXEC, v:1, k:fup@teleferico, mode:FULL, rate:100, size:20
2026-04-19 19:07:44, MOVE, v:1, k:fup@teleferico, mode:BACK
2026-04-19 19:07:51, SELF, v:1, k:fup@teleferico, self:1, rate:100
