2026-06-10 14:16:33, MOVE, v:1, k:fup@vet_ii, mode:PICK
2026-06-10 14:16:37, EXEC, v:1, k:fup@vet_ii, mode:FULL, rate:0
2026-06-10 14:17:48, EXEC, v:1, k:fup@vet_ii, mode:FULL, rate:0
2026-06-10 14:17:58, EXEC, v:1, k:fup@vet_ii, mode:FREE
2026-06-10 14:18:06, MOVE, v:1, k:fup@vet_ii, mode:BACK
2026-06-10 14:18:40, MOVE, v:1, k:fup@operacoes, mode:DOWN
2026-06-10 14:18:43, MOVE, v:1, k:fup@operacoes, mode:PICK
2026-06-10 14:18:44, EXEC, v:1, k:fup@operacoes, mode:FULL, rate:0, size:5
2026-06-10 14:17:58, MOVE, v:1, k:fup@vet_ii, mode:EDIT
2026-06-10 14:18:40, MOVE, v:1, k:fup@operacoes, mode:EDIT
2026-06-10 14:18:40, MOVE, v:1, k:fup@operacoes, mode:EDIT
2026-06-10 14:18:40, MOVE, v:1, k:fup@operacoes, mode:EDIT
2026-06-10 14:18:40, MOVE, v:1, k:fup@operacoes, mode:EDIT
2026-06-10 14:20:51, MOVE, v:1, k:fup@operacoes, mode:EDIT
2026-06-10 14:18:44, MOVE, v:1, k:fup@operacoes, mode:EDIT
2026-06-10 14:22:32, EXEC, v:1, k:fup@operacoes, mode:FULL, rate:0, size:11
2026-06-10 14:22:34, EXEC, v:1, k:fup@operacoes, mode:FULL, rate:0
2026-06-10 14:23:33, EXEC, v:1, k:fup@operacoes, mode:FULL, rate:0, size:11
2026-06-10 14:23:56, EXEC, v:1, k:fup@operacoes, mode:FULL, rate:0, size:11
2026-06-10 14:24:17, EXEC, v:1, k:fup@operacoes, mode:FULL, rate:0, size:11
2026-06-10 14:24:39, EXEC, v:1, k:fup@operacoes, mode:FULL, rate:0, size:11
2026-06-10 14:24:56, EXEC, v:1, k:fup@operacoes, mode:FULL, rate:0, size:11
2026-06-10 14:25:55, MOVE, v:1, k:fup@operacoes, mode:EDIT
2026-06-10 14:24:56, MOVE, v:1, k:fup@operacoes, mode:EDIT
2026-06-10 14:26:17, EXEC, v:1, k:fup@operacoes, mode:FULL, size:11, fail:COMP
2026-06-10 14:26:18, EXEC, v:1, k:fup@operacoes, mode:FULL, fail:COMP
2026-06-10 14:26:44, EXEC, v:1, k:fup@operacoes, mode:FULL, size:11, fail:COMP
2026-06-10 14:26:51, EXEC, v:1, k:fup@operacoes, mode:FULL, rate:0, size:10
2026-06-10 14:27:14, EXEC, v:1, k:fup@operacoes, mode:FULL, rate:0, size:10
2026-06-10 14:30:00, EXEC, v:1, k:fup@operacoes, mode:FULL, rate:100, size:13
2026-06-10 14:30:06, MOVE, v:1, k:fup@operacoes, mode:BACK
2026-06-10 14:32:18, MOVE, v:1, k:fup@operacoes, mode:PICK
2026-06-10 14:32:19, EXEC, v:1, k:fup@operacoes, mode:FULL, rate:100
2026-06-10 14:32:20, EXEC, v:1, k:fup@operacoes, mode:FULL, rate:100
2026-06-10 14:32:22, MOVE, v:1, k:fup@operacoes, mode:BACK
2026-06-10 14:32:30, SELF, v:1, k:fup@operacoes, self:1, rate:100
2026-06-10 14:32:38, MOVE, v:1, k:fup@data, mode:PICK
2026-06-10 14:32:41, EXEC, v:1, k:fup@data, mode:FULL, rate:0, size:5
2026-06-10 14:32:20, MOVE, v:1, k:fup@operacoes, mode:EDIT
2026-06-10 14:32:41, MOVE, v:1, k:fup@data, mode:EDIT
2026-06-10 14:38:32, EXEC, v:1, k:fup@data, mode:FULL, rate:100, size:23
2026-06-10 14:38:43, MOVE, v:1, k:fup@data, mode:BACK
2026-06-10 14:38:55, SELF, v:1, k:fup@data, self:1, rate:100
2026-06-10 14:39:43, MOVE, v:1, k:fup@round, mode:PICK
2026-06-10 14:39:45, EXEC, v:1, k:fup@round, mode:FULL, rate:8
2026-06-10 14:38:15, MOVE, v:1, k:fup@data, mode:EDIT
2026-06-10 14:38:32, MOVE, v:1, k:fup@data, mode:EDIT
2026-06-10 14:39:45, MOVE, v:1, k:fup@round, mode:EDIT
2026-06-10 14:42:06, MOVE, v:1, k:fup@round, mode:EDIT
2026-06-10 14:42:49, EXEC, v:1, k:fup@round, mode:FULL, rate:8, size:43
2026-06-10 14:44:57, EXEC, v:1, k:fup@round, mode:FULL, rate:8, size:44
2026-06-10 14:45:07, EXEC, v:1, k:fup@round, mode:FULL, rate:8
2026-06-10 14:45:08, EXEC, v:1, k:fup@round, mode:FULL, rate:8
2026-06-10 14:44:52, MOVE, v:1, k:fup@round, mode:EDIT
2026-06-10 14:45:08, MOVE, v:1, k:fup@round, mode:EDIT
