2026-04-06 17:02:41, MOVE, v:1, k:fup@tv, mode:DOWN
2026-04-06 17:02:44, MOVE, v:1, k:fup@tv, mode:PICK
2026-04-06 17:02:46, EXEC, v:1, k:fup@tv, mode:FULL, rate:0, size:5
2026-04-06 17:06:36, EXEC, v:1, k:fup@tv, mode:FULL, rate:0
2026-04-06 17:11:12, MOVE, v:1, k:fup@tv, mode:BACK
2026-04-06 17:12:40, MOVE, v:1, k:fup@par, mode:DOWN
2026-04-06 17:12:44, MOVE, v:1, k:fup@par, mode:PICK
2026-04-06 17:13:52, EXEC, v:1, k:fup@par, mode:FULL, rate:0, size:5
2026-04-06 17:13:58, MOVE, v:1, k:fup@par, mode:BACK
2026-04-06 17:14:18, MOVE, v:1, k:fup@tv, mode:PICK
2026-04-06 17:14:20, EXEC, v:1, k:fup@tv, mode:FULL, rate:0
2026-04-06 17:14:21, EXEC, v:1, k:fup@tv, mode:FULL, rate:0
2026-04-06 17:14:49, EXEC, v:1, k:fup@tv, mode:FULL, rate:0, size:11
2026-04-06 17:15:06, EXEC, v:1, k:fup@tv, mode:FULL, rate:0, size:11
2026-04-06 17:15:42, EXEC, v:1, k:fup@tv, mode:FULL, rate:0, size:11
2026-04-06 17:15:54, EXEC, v:1, k:fup@tv, mode:FULL, rate:0, size:11
2026-04-06 17:16:07, EXEC, v:1, k:fup@tv, mode:FULL, rate:0, size:11
2026-04-06 17:16:27, EXEC, v:1, k:fup@tv, mode:FULL, rate:0, size:11
2026-04-06 17:17:01, EXEC, v:1, k:fup@tv, mode:FULL, rate:0, size:11
2026-04-06 17:17:11, EXEC, v:1, k:fup@tv, mode:FULL, rate:0, size:11
2026-04-06 17:19:19, EXEC, v:1, k:fup@tv, mode:FULL, rate:0, size:11
2026-04-06 17:19:40, EXEC, v:1, k:fup@tv, mode:FULL, rate:0, size:11
