2026-05-05 17:33:27, MOVE, v:1, k:fup@par, mode:PICK
2026-05-05 17:33:29, EXEC, v:1, k:fup@par, mode:FULL, rate:100
2026-05-05 17:33:31, EXEC, v:1, k:fup@par, mode:FULL, rate:100
2026-05-05 17:33:32, EXEC, v:1, k:fup@par, mode:FULL, rate:100
2026-05-05 17:33:35, MOVE, v:1, k:fup@par, mode:BACK
2026-05-05 17:33:54, MOVE, v:1, k:fup@divisiveis, mode:PICK
2026-05-05 17:33:55, EXEC, v:1, k:fup@divisiveis, mode:FULL, rate:0
2026-05-05 17:33:56, EXEC, v:1, k:fup@divisiveis, mode:FULL, rate:0
2026-05-05 17:33:32, MOVE, v:1, k:fup@par, mode:EDIT
2026-05-05 17:33:56, MOVE, v:1, k:fup@divisiveis, mode:EDIT
2026-05-05 17:36:00, MOVE, v:1, k:fup@divisiveis, mode:EDIT
2026-05-05 17:40:05, EXEC, v:1, k:fup@divisiveis, mode:FULL, rate:50, size:11
2026-05-05 17:40:46, EXEC, v:1, k:fup@divisiveis, mode:FULL, size:11, fail:COMP
2026-05-05 17:41:05, EXEC, v:1, k:fup@divisiveis, mode:FULL, rate:50, size:12
2026-05-05 17:41:05, MOVE, v:1, k:fup@divisiveis, mode:EDIT
2026-05-05 17:41:05, MOVE, v:1, k:fup@divisiveis, mode:EDIT
2026-05-05 17:42:03, EXEC, v:1, k:fup@divisiveis, mode:FULL, rate:50, size:14
2026-05-05 17:42:44, EXEC, v:1, k:fup@divisiveis, mode:FULL, rate:12, size:14
2026-05-05 17:44:16, EXEC, v:1, k:fup@divisiveis, mode:FULL, rate:37, size:13
2026-05-05 17:44:36, MOVE, v:1, k:fup@divisiveis, mode:BACK
2026-05-05 17:45:05, MOVE, v:1, k:fup@round, mode:PICK
2026-05-05 17:45:06, EXEC, v:1, k:fup@round, mode:FULL, rate:8
2026-05-05 17:45:34, EXEC, v:1, k:fup@round, mode:FULL, rate:8
2026-05-05 17:46:00, MOVE, v:1, k:fup@round, mode:BACK
2026-05-05 17:44:15, MOVE, v:1, k:fup@divisiveis, mode:EDIT
2026-05-05 17:44:15, MOVE, v:1, k:fup@divisiveis, mode:EDIT
2026-05-05 17:45:34, MOVE, v:1, k:fup@round, mode:EDIT
2026-05-05 17:45:45, MOVE, v:1, k:fup@round, mode:EDIT
2026-05-05 17:46:12, MOVE, v:1, k:fup@cobra, mode:PICK
2026-05-05 17:46:14, EXEC, v:1, k:fup@cobra, mode:FULL, rate:0
2026-05-05 17:46:14, MOVE, v:1, k:fup@cobra, mode:EDIT
