2026-05-19 16:32:02, MOVE, v:1, k:fup@chute, mode:PICK
2026-05-19 16:32:06, EXEC, v:1, k:fup@chute, mode:FULL, rate:20, size:17
2026-05-19 16:34:00, EXEC, v:1, k:fup@chute, mode:FULL, rate:30, size:16
2026-05-19 16:33:24, MOVE, v:1, k:fup@chute, mode:EDIT
2026-05-19 16:34:00, MOVE, v:1, k:fup@chute, mode:EDIT
2026-05-19 16:39:46, MOVE, v:1, k:fup@chute, mode:EDIT
2026-05-19 16:41:25, EXEC, v:1, k:fup@chute, mode:FULL, rate:100, size:26
2026-05-19 16:42:13, MOVE, v:1, k:fup@chute, mode:BACK
2026-05-19 16:42:20, SELF, v:1, k:fup@chute, self:1, rate:100
2026-05-19 16:42:22, MOVE, v:1, k:fup@chute, mode:PICK
2026-05-19 16:42:26, MOVE, v:1, k:fup@chute, mode:BACK
2026-05-19 16:42:43, MOVE, v:1, k:fup@loop_i, mode:DOWN
2026-05-19 16:42:43, MOVE, v:1, k:fup@loop_i, mode:PICK
2026-05-19 16:42:44, EXEC, v:1, k:fup@loop_i, mode:FULL, rate:0, size:5
2026-05-19 16:41:10, MOVE, v:1, k:fup@chute, mode:EDIT
2026-05-19 16:41:25, MOVE, v:1, k:fup@chute, mode:EDIT
2026-05-19 16:42:43, MOVE, v:1, k:fup@loop_i, mode:EDIT
2026-05-19 16:42:43, MOVE, v:1, k:fup@loop_i, mode:EDIT
2026-05-19 16:42:43, MOVE, v:1, k:fup@loop_i, mode:EDIT
2026-05-19 16:42:44, MOVE, v:1, k:fup@loop_i, mode:EDIT
2026-05-19 16:48:51, MOVE, v:1, k:fup@loop_i, mode:EDIT
2026-05-19 16:52:00, EXEC, v:1, k:fup@loop_i, mode:FULL, rate:0, size:11
2026-05-19 16:52:14, EXEC, v:1, k:fup@loop_i, mode:FULL, rate:0, size:11
2026-05-19 16:52:37, EXEC, v:1, k:fup@loop_i, mode:FULL, rate:0, size:11
2026-05-19 16:52:55, EXEC, v:1, k:fup@loop_i, mode:FULL, rate:0, size:11
2026-05-19 16:53:55, EXEC, v:1, k:fup@loop_i, mode:FULL, rate:100, size:11
2026-05-19 16:54:15, MOVE, v:1, k:fup@loop_i, mode:BACK
2026-05-19 16:54:16, MOVE, v:1, k:fup@loop_i, mode:PICK
2026-05-19 16:54:17, EXEC, v:1, k:fup@loop_i, mode:FULL, rate:100
2026-05-19 16:54:18, EXEC, v:1, k:fup@loop_i, mode:FULL, rate:100
2026-05-19 16:54:19, MOVE, v:1, k:fup@loop_i, mode:BACK
2026-05-19 16:54:26, SELF, v:1, k:fup@loop_i, self:1, rate:100
2026-05-19 16:54:35, MOVE, v:1, k:fup@loop_ii, mode:DOWN
2026-05-19 16:54:36, MOVE, v:1, k:fup@loop_ii, mode:PICK
2026-05-19 16:54:38, EXEC, v:1, k:fup@loop_ii, mode:FULL, rate:0, size:5
2026-05-19 16:53:48, MOVE, v:1, k:fup@loop_i, mode:EDIT
2026-05-19 16:54:18, MOVE, v:1, k:fup@loop_i, mode:EDIT
2026-05-19 16:54:35, MOVE, v:1, k:fup@loop_ii, mode:EDIT
2026-05-19 16:54:35, MOVE, v:1, k:fup@loop_ii, mode:EDIT
2026-05-19 16:54:35, MOVE, v:1, k:fup@loop_ii, mode:EDIT
2026-05-19 16:54:38, MOVE, v:1, k:fup@loop_ii, mode:EDIT
2026-05-19 16:58:48, EXEC, v:1, k:fup@loop_ii, mode:FULL, rate:0, size:13
2026-05-19 16:59:18, EXEC, v:1, k:fup@loop_ii, mode:FULL, rate:0, size:13
2026-05-19 16:59:58, MOVE, v:1, k:fup@loop_ii, mode:EDIT
2026-05-19 16:59:18, MOVE, v:1, k:fup@loop_ii, mode:EDIT
2026-05-19 17:00:13, EXEC, v:1, k:fup@loop_ii, mode:FULL, rate:0, size:13
2026-05-19 17:00:27, EXEC, v:1, k:fup@loop_ii, mode:FULL, rate:0, size:13
2026-05-19 17:00:54, EXEC, v:1, k:fup@loop_ii, mode:FULL, rate:100, size:13
2026-05-19 17:02:20, MOVE, v:1, k:fup@loop_ii, mode:BACK
2026-05-19 17:02:28, SELF, v:1, k:fup@loop_ii, self:1, rate:100
2026-05-19 17:02:32, MOVE, v:1, k:fup@loop_iii, mode:DOWN
2026-05-19 17:02:33, MOVE, v:1, k:fup@loop_iii, mode:PICK
2026-05-19 17:02:55, EXEC, v:1, k:fup@loop_iii, mode:FULL, rate:0, size:5
2026-05-19 17:00:53, MOVE, v:1, k:fup@loop_ii, mode:EDIT
2026-05-19 17:00:54, MOVE, v:1, k:fup@loop_ii, mode:EDIT
2026-05-19 17:02:32, MOVE, v:1, k:fup@loop_iii, mode:EDIT
2026-05-19 17:02:32, MOVE, v:1, k:fup@loop_iii, mode:EDIT
2026-05-19 17:02:55, MOVE, v:1, k:fup@loop_iii, mode:EDIT
2026-05-19 17:03:40, MOVE, v:1, k:fup@loop_iii, mode:EDIT
2026-05-19 17:07:05, EXEC, v:1, k:fup@loop_iii, mode:FULL, rate:0, size:11
2026-05-19 17:07:16, EXEC, v:1, k:fup@loop_iii, mode:FULL, rate:0, size:12
2026-05-19 17:09:29, EXEC, v:1, k:fup@loop_iii, mode:FULL, rate:100, size:13
2026-05-19 17:09:46, MOVE, v:1, k:fup@loop_iii, mode:BACK
2026-05-19 17:08:21, MOVE, v:1, k:fup@loop_iii, mode:EDIT
2026-05-19 17:09:29, MOVE, v:1, k:fup@loop_iii, mode:EDIT
2026-05-19 17:10:09, SELF, v:1, k:fup@loop_iii, self:1, rate:100
2026-05-19 17:10:16, MOVE, v:1, k:fup@loop_iv, mode:DOWN
2026-05-19 17:10:19, MOVE, v:1, k:fup@loop_iv, mode:PICK
2026-05-19 17:10:43, EXEC, v:1, k:fup@loop_iv, mode:FULL, rate:0, size:5
2026-05-19 17:13:23, EXEC, v:1, k:fup@loop_iv, mode:FULL, rate:0
2026-05-19 17:13:23, EXEC, v:1, k:fup@loop_iv, mode:LOCK, rate:0
2026-05-19 17:13:23, EXEC, v:1, k:fup@loop_iv, mode:FREE
2026-05-19 17:10:16, MOVE, v:1, k:fup@loop_iv, mode:EDIT
2026-05-19 17:10:16, MOVE, v:1, k:fup@loop_iv, mode:EDIT
2026-05-19 17:10:16, MOVE, v:1, k:fup@loop_iv, mode:EDIT
2026-05-19 17:13:24, MOVE, v:1, k:fup@loop_iv, mode:EDIT
2026-05-19 17:19:59, MOVE, v:1, k:fup@loop_iv, mode:EDIT
2026-05-19 17:23:53, EXEC, v:1, k:fup@loop_iv, mode:LOCK, rate:0, size:19
2026-05-19 17:24:07, EXEC, v:1, k:fup@loop_iv, mode:LOCK, rate:100, size:19
2026-05-19 17:24:54, MOVE, v:1, k:fup@loop_iv, mode:EDIT
2026-05-19 17:24:07, MOVE, v:1, k:fup@loop_iv, mode:EDIT
2026-05-19 17:25:08, EXEC, v:1, k:fup@loop_iv, mode:FULL, rate:100, size:19
2026-05-19 17:26:01, MOVE, v:1, k:fup@loop_iv, mode:BACK
2026-05-19 17:26:06, SELF, v:1, k:fup@loop_iv, self:1, rate:100
2026-05-19 17:26:16, MOVE, v:1, k:fup@loop_v, mode:DOWN
2026-05-19 17:26:52, MOVE, v:1, k:fup@loop_v, mode:PICK
2026-05-19 17:26:54, EXEC, v:1, k:fup@loop_v, mode:FULL, rate:0, size:5
2026-05-19 17:29:17, MOVE, v:1, k:fup@loop_v, mode:BACK
2026-05-19 17:29:30, MOVE, v:1, k:fup@pares, mode:DOWN
2026-05-19 17:29:31, MOVE, v:1, k:fup@pares, mode:PICK
2026-05-19 17:29:33, EXEC, v:1, k:fup@pares, mode:FULL, rate:0, size:5
2026-05-19 17:25:05, MOVE, v:1, k:fup@loop_iv, mode:EDIT
2026-05-19 17:25:08, MOVE, v:1, k:fup@loop_iv, mode:EDIT
2026-05-19 17:26:16, MOVE, v:1, k:fup@loop_v, mode:EDIT
2026-05-19 17:26:16, MOVE, v:1, k:fup@loop_v, mode:EDIT
2026-05-19 17:26:54, MOVE, v:1, k:fup@loop_v, mode:EDIT
2026-05-19 17:29:30, MOVE, v:1, k:fup@pares, mode:EDIT
2026-05-19 17:29:30, MOVE, v:1, k:fup@pares, mode:EDIT
2026-05-19 17:29:30, MOVE, v:1, k:fup@pares, mode:EDIT
2026-05-19 17:29:33, MOVE, v:1, k:fup@pares, mode:EDIT
2026-05-19 17:34:54, MOVE, v:1, k:fup@pares, mode:EDIT
2026-05-19 17:39:56, MOVE, v:1, k:fup@pares, mode:EDIT
2026-05-19 17:40:55, EXEC, v:1, k:fup@pares, mode:FULL, rate:0, size:13
2026-05-19 17:41:05, EXEC, v:1, k:fup@pares, mode:FULL, rate:28, size:13
2026-05-19 17:43:08, EXEC, v:1, k:fup@pares, mode:FULL, rate:28, size:16
2026-05-19 17:43:27, EXEC, v:1, k:fup@pares, mode:FULL, rate:28
2026-05-19 17:44:02, EXEC, v:1, k:fup@pares, mode:FULL, rate:42, size:17
2026-05-19 17:45:03, MOVE, v:1, k:fup@pares, mode:EDIT
2026-05-19 17:44:01, MOVE, v:1, k:fup@pares, mode:EDIT
2026-05-19 17:46:04, EXEC, v:1, k:fup@pares, mode:FULL, rate:100, size:19
2026-05-19 17:47:25, EXEC, v:1, k:fup@pares, mode:FULL, rate:14, size:20
2026-05-19 17:47:27, EXEC, v:1, k:fup@pares, mode:FULL, rate:14
2026-05-19 17:48:10, EXEC, v:1, k:fup@pares, mode:FULL, rate:42, size:19
2026-05-19 17:48:52, EXEC, v:1, k:fup@pares, mode:FULL, rate:100, size:19
2026-05-19 17:49:01, MOVE, v:1, k:fup@pares, mode:BACK
2026-05-19 17:49:09, SELF, v:1, k:fup@pares, self:1, rate:100
2026-05-19 17:49:22, MOVE, v:1, k:fup@sapatos, mode:DOWN
2026-05-19 17:49:23, MOVE, v:1, k:fup@sapatos, mode:PICK
2026-05-19 17:49:24, EXEC, v:1, k:fup@sapatos, mode:FULL, rate:0, size:5
2026-05-19 17:48:48, MOVE, v:1, k:fup@pares, mode:EDIT
2026-05-19 17:48:52, MOVE, v:1, k:fup@pares, mode:EDIT
2026-05-19 17:49:22, MOVE, v:1, k:fup@sapatos, mode:EDIT
2026-05-19 17:49:22, MOVE, v:1, k:fup@sapatos, mode:EDIT
2026-05-19 17:49:24, MOVE, v:1, k:fup@sapatos, mode:EDIT
2026-05-19 17:54:32, MOVE, v:1, k:fup@sapatos, mode:EDIT
2026-05-19 18:00:04, MOVE, v:1, k:fup@sapatos, mode:EDIT
2026-05-19 18:00:07, EXEC, v:1, k:fup@sapatos, mode:FULL, rate:71, size:20
2026-05-19 18:01:32, EXEC, v:1, k:fup@sapatos, mode:FULL, rate:71, size:19
2026-05-19 18:02:06, EXEC, v:1, k:fup@sapatos, mode:FULL, rate:100, size:19
2026-05-19 18:03:03, MOVE, v:1, k:fup@sapatos, mode:BACK
2026-05-19 18:03:15, SELF, v:1, k:fup@sapatos, self:1, rate:100
2026-05-19 18:03:29, MOVE, v:1, k:fup@filhos, mode:DOWN
2026-05-19 18:03:35, MOVE, v:1, k:fup@filhos, mode:PICK
2026-05-19 18:03:36, EXEC, v:1, k:fup@filhos, mode:FULL, rate:0, size:5
2026-05-19 18:03:39, EXEC, v:1, k:fup@filhos, mode:FULL, rate:0
2026-05-19 18:02:06, MOVE, v:1, k:fup@sapatos, mode:EDIT
2026-05-19 18:02:01, MOVE, v:1, k:fup@sapatos, mode:EDIT
2026-05-19 18:03:29, MOVE, v:1, k:fup@filhos, mode:EDIT
2026-05-19 18:03:29, MOVE, v:1, k:fup@filhos, mode:EDIT
2026-05-19 18:03:39, MOVE, v:1, k:fup@filhos, mode:EDIT
2026-05-19 18:09:37, MOVE, v:1, k:fup@filhos, mode:EDIT
2026-05-19 18:13:09, EXEC, v:1, k:fup@filhos, mode:FULL, rate:100, size:15
2026-05-19 18:13:54, EXEC, v:1, k:fup@filhos, mode:FULL, rate:100, size:16
2026-05-19 18:15:02, MOVE, v:1, k:fup@filhos, mode:EDIT
2026-05-19 18:13:54, MOVE, v:1, k:fup@filhos, mode:EDIT
2026-05-19 18:17:29, EXEC, v:1, k:fup@filhos, mode:FULL, rate:0, size:14
2026-05-19 18:17:51, EXEC, v:1, k:fup@filhos, mode:FULL, rate:100, size:15
2026-05-19 18:18:45, MOVE, v:1, k:fup@filhos, mode:BACK
2026-05-19 18:18:50, SELF, v:1, k:fup@filhos, self:1, rate:100
