2026-04-14 13:51:48, MOVE, v:1, k:eval1@ceu, mode:PICK
2026-04-14 13:51:50, EXEC, v:1, k:eval1@ceu, mode:FULL, rate:0
2026-04-14 13:51:50, MOVE, v:1, k:eval1@ceu, mode:EDIT
2026-04-14 14:06:21, EXEC, v:1, k:eval1@ceu, mode:FULL, rate:100, size:30
2026-04-14 14:06:26, MOVE, v:1, k:eval1@ceu, mode:BACK
2026-04-14 14:06:10, MOVE, v:1, k:eval1@ceu, mode:EDIT
2026-04-14 14:06:21, MOVE, v:1, k:eval1@ceu, mode:EDIT
2026-04-14 14:06:37, SELF, v:1, k:eval1@ceu, self:1, rate:100
2026-04-14 14:06:53, SELF, v:1, k:eval1@pares, self:1, rate:85
2026-04-14 14:06:55, MOVE, v:1, k:eval1@pares, mode:PICK
2026-04-14 14:06:57, EXEC, v:1, k:eval1@pares, mode:FULL, rate:100
2026-04-14 14:07:04, MOVE, v:1, k:eval1@pares, mode:BACK
2026-04-14 14:07:16, SELF, v:1, k:eval1@bala, self:1
2026-04-14 14:07:23, MOVE, v:1, k:eval1@bala, mode:PICK
2026-04-14 14:07:24, EXEC, v:1, k:eval1@bala, mode:FULL, rate:100
2026-04-14 14:07:25, EXEC, v:1, k:eval1@bala, mode:FULL, rate:100
2026-04-14 14:07:27, MOVE, v:1, k:eval1@bala, mode:BACK
2026-04-14 16:49:08, MOVE, v:1, k:sandbox@user_001, mode:PICK
2026-04-14 16:49:09, EXEC, v:1, k:sandbox@user_001, mode:LOCK, rate:0, size:5
2026-04-14 16:49:24, EXEC, v:1, k:sandbox@user_001, mode:LOCK, rate:0
2026-04-14 16:53:31, MOVE, v:1, k:sandbox@user_001, mode:EDIT
2026-04-14 16:49:00, MOVE, v:1, k:sandbox@user_001, mode:EDIT
2026-04-14 16:49:24, MOVE, v:1, k:sandbox@user_001, mode:EDIT
2026-04-14 16:55:15, EXEC, v:1, k:sandbox@user_001, mode:LOCK, rate:0, size:9
2026-04-14 16:57:29, EXEC, v:1, k:sandbox@user_001, mode:LOCK, rate:0, size:12
2026-04-14 16:57:36, EXEC, v:1, k:sandbox@user_001, mode:LOCK, rate:0, size:12
2026-04-14 16:58:28, MOVE, v:1, k:sandbox@user_001, mode:EDIT
2026-04-14 16:57:36, MOVE, v:1, k:sandbox@user_001, mode:EDIT
2026-04-14 16:58:58, EXEC, v:1, k:sandbox@user_001, mode:LOCK, rate:0, size:14
2026-04-14 16:59:39, EXEC, v:1, k:sandbox@user_001, mode:FULL, size:15, fail:COMP
2026-04-14 17:00:30, EXEC, v:1, k:sandbox@user_001, mode:FULL, size:16, fail:COMP
2026-04-14 17:00:52, EXEC, v:1, k:sandbox@user_001, mode:LOCK, rate:0, size:17
2026-04-14 17:01:47, EXEC, v:1, k:sandbox@user_001, mode:FREE
2026-04-14 17:00:51, MOVE, v:1, k:sandbox@user_001, mode:EDIT
2026-04-14 17:01:47, MOVE, v:1, k:sandbox@user_001, mode:EDIT
2026-04-14 17:07:52, MOVE, v:1, k:sandbox@user_001, mode:EDIT
2026-04-14 17:13:35, MOVE, v:1, k:sandbox@user_001, mode:EDIT
2026-04-14 17:17:01, MOVE, v:1, k:sandbox@user_001, mode:EDIT
2026-04-14 17:16:25, MOVE, v:1, k:sandbox@user_001, mode:EDIT
2026-04-14 17:29:54, MOVE, v:1, k:sandbox@user_001, mode:BACK
2026-04-14 17:32:19, MOVE, v:1, k:fup@vet_i, mode:DOWN
2026-04-14 17:32:22, MOVE, v:1, k:fup@vet_i, mode:PICK
2026-04-14 17:32:24, EXEC, v:1, k:fup@vet_i, mode:FULL, rate:0, size:5
2026-04-14 17:29:48, MOVE, v:1, k:sandbox@user_001, mode:EDIT
2026-04-14 17:32:19, MOVE, v:1, k:fup@vet_i, mode:EDIT
2026-04-14 17:32:19, MOVE, v:1, k:fup@vet_i, mode:EDIT
2026-04-14 17:32:24, MOVE, v:1, k:fup@vet_i, mode:EDIT
2026-04-14 17:41:59, MOVE, v:1, k:fup@vet_i, mode:EDIT
2026-04-14 17:45:03, EXEC, v:1, k:fup@vet_i, mode:FULL, rate:75, size:17
2026-04-14 17:45:32, EXEC, v:1, k:fup@vet_i, mode:FULL, rate:0, size:17
2026-04-14 17:45:45, EXEC, v:1, k:fup@vet_i, mode:FULL, rate:0, size:17
2026-04-14 17:45:54, EXEC, v:1, k:fup@vet_i, mode:FULL, rate:0, size:17
2026-04-14 17:46:06, EXEC, v:1, k:fup@vet_i, mode:FULL, rate:75, size:17
2026-04-14 17:47:56, EXEC, v:1, k:fup@vet_i, mode:FULL, rate:75
2026-04-14 17:48:18, EXEC, v:1, k:fup@vet_i, mode:FULL, rate:25, size:17
2026-04-14 17:48:25, EXEC, v:1, k:fup@vet_i, mode:FULL, rate:75, size:17
2026-04-14 17:48:24, MOVE, v:1, k:fup@vet_i, mode:EDIT
2026-04-14 17:48:25, MOVE, v:1, k:fup@vet_i, mode:EDIT
2026-04-14 17:49:03, EXEC, v:1, k:fup@vet_i, mode:FULL, size:17, fail:COMP
2026-04-14 17:49:11, EXEC, v:1, k:fup@vet_i, mode:FULL, rate:0, size:17
2026-04-14 17:52:24, EXEC, v:1, k:fup@vet_i, mode:FULL, rate:75, size:17
2026-04-14 17:52:20, MOVE, v:1, k:fup@vet_i, mode:EDIT
2026-04-14 17:52:23, MOVE, v:1, k:fup@vet_i, mode:EDIT
2026-04-14 17:54:27, EXEC, v:1, k:fup@vet_i, mode:FULL, rate:0, size:18
2026-04-14 17:54:55, EXEC, v:1, k:fup@vet_i, mode:FULL, rate:25, size:18
2026-04-14 17:56:08, EXEC, v:1, k:fup@vet_i, mode:FULL, rate:75, size:18
2026-04-14 17:56:59, EXEC, v:1, k:fup@vet_i, mode:FULL, rate:75
2026-04-14 17:58:28, MOVE, v:1, k:fup@vet_i, mode:EDIT
2026-04-14 17:56:59, MOVE, v:1, k:fup@vet_i, mode:EDIT
2026-04-14 17:58:49, EXEC, v:1, k:fup@vet_i, mode:FULL, rate:100, size:21
2026-04-14 17:59:25, MOVE, v:1, k:fup@vet_i, mode:BACK
2026-04-14 17:59:57, SELF, v:1, k:fup@vet_i, self:1, rate:100, friend:Monitor, concept:1
2026-04-14 18:00:09, MOVE, v:1, k:fup@vet_ii, mode:DOWN
2026-04-14 18:00:10, MOVE, v:1, k:fup@vet_ii, mode:PICK
2026-04-14 18:00:13, EXEC, v:1, k:fup@vet_ii, mode:FULL, rate:0, size:5
2026-04-14 18:00:14, EXEC, v:1, k:fup@vet_ii, mode:FULL, rate:0
2026-04-14 17:58:48, MOVE, v:1, k:fup@vet_i, mode:EDIT
2026-04-14 17:58:49, MOVE, v:1, k:fup@vet_i, mode:EDIT
2026-04-14 18:00:09, MOVE, v:1, k:fup@vet_ii, mode:EDIT
2026-04-14 18:00:09, MOVE, v:1, k:fup@vet_ii, mode:EDIT
2026-04-14 18:03:04, MOVE, v:1, k:fup@vet_ii, mode:EDIT
2026-04-14 18:00:14, MOVE, v:1, k:fup@vet_ii, mode:EDIT
2026-04-14 18:05:14, EXEC, v:1, k:fup@vet_ii, mode:FULL, rate:0, size:20
2026-04-14 18:06:03, EXEC, v:1, k:fup@vet_ii, mode:FULL, rate:0, size:19
2026-04-14 18:06:17, MOVE, v:1, k:fup@vet_ii, mode:EDIT
2026-04-14 18:06:02, MOVE, v:1, k:fup@vet_ii, mode:EDIT
