2026-05-23 13:04:58, MOVE, v:1, k:fup@colorido, mode:PICK
2026-05-23 13:05:08, EXEC, v:1, k:fup@colorido, mode:FULL, rate:0, size:27
2026-05-23 13:04:56, MOVE, v:1, k:fup@colorido, mode:EDIT
2026-05-23 13:05:07, MOVE, v:1, k:fup@colorido, mode:EDIT
2026-05-23 13:13:37, MOVE, v:1, k:fup@colorido, mode:EDIT
2026-05-23 13:19:40, MOVE, v:1, k:fup@colorido, mode:EDIT
2026-05-23 13:23:28, EXEC, v:1, k:fup@colorido, mode:FULL, rate:0, size:29
2026-05-23 13:24:38, MOVE, v:1, k:fup@colorido, mode:EDIT
2026-05-23 13:23:28, MOVE, v:1, k:fup@colorido, mode:EDIT
2026-05-23 13:24:52, EXEC, v:1, k:fup@colorido, mode:FULL, rate:0, size:33
2026-05-23 13:25:15, EXEC, v:1, k:fup@colorido, mode:FULL, rate:0, size:35
2026-05-23 13:29:35, MOVE, v:1, k:fup@colorido, mode:EDIT
2026-05-23 13:25:14, MOVE, v:1, k:fup@colorido, mode:EDIT
2026-05-23 13:30:53, EXEC, v:1, k:fup@colorido, mode:FULL, rate:0, size:45
2026-05-23 13:30:57, EXEC, v:1, k:fup@colorido, mode:FULL, rate:0
2026-05-23 13:33:18, EXEC, v:1, k:fup@colorido, mode:FULL, rate:0, size:77
2026-05-23 13:33:31, EXEC, v:1, k:fup@colorido, mode:FULL, rate:0
2026-05-23 13:33:17, MOVE, v:1, k:fup@colorido, mode:EDIT
2026-05-23 13:33:31, MOVE, v:1, k:fup@colorido, mode:EDIT
2026-05-23 13:39:24, EXEC, v:1, k:fup@colorido, mode:FULL, rate:0, size:78
2026-05-23 13:39:20, MOVE, v:1, k:fup@colorido, mode:EDIT
2026-05-23 13:39:24, MOVE, v:1, k:fup@colorido, mode:EDIT
2026-05-23 13:41:07, EXEC, v:1, k:fup@colorido, mode:FULL, rate:0, size:77
2026-05-23 13:43:38, EXEC, v:1, k:fup@colorido, mode:FULL, rate:16, size:77
2026-05-23 13:44:05, EXEC, v:1, k:fup@colorido, mode:FULL, rate:16, size:77
2026-05-23 13:44:17, MOVE, v:1, k:fup@colorido, mode:EDIT
2026-05-23 13:44:05, MOVE, v:1, k:fup@colorido, mode:EDIT
2026-05-23 13:46:02, EXEC, v:1, k:fup@colorido, mode:FULL, rate:16, size:77
2026-05-23 13:46:11, EXEC, v:1, k:fup@colorido, mode:FULL, rate:16, size:77
2026-05-23 13:48:58, MOVE, v:1, k:fup@colorido, mode:BACK
2026-05-23 13:49:05, MOVE, v:1, k:fup@concentra, mode:PICK
2026-05-23 13:49:06, EXEC, v:1, k:fup@concentra, mode:FULL, size:5, fail:COMP
2026-05-23 13:49:08, EXEC, v:1, k:fup@concentra, mode:FULL, fail:COMP
2026-05-23 13:46:10, MOVE, v:1, k:fup@colorido, mode:EDIT
2026-05-23 13:46:11, MOVE, v:1, k:fup@colorido, mode:EDIT
2026-05-23 13:54:37, MOVE, v:1, k:fup@concentra, mode:EDIT
2026-05-23 13:55:10, EXEC, v:1, k:fup@concentra, mode:FULL, rate:0, size:15
2026-05-23 13:55:18, EXEC, v:1, k:fup@concentra, mode:FULL, rate:0, size:15
2026-05-23 13:56:11, EXEC, v:1, k:fup@concentra, mode:FULL, rate:0, size:15
2026-05-23 13:56:29, EXEC, v:1, k:fup@concentra, mode:FULL, rate:0, size:15
2026-05-23 13:58:23, EXEC, v:1, k:fup@concentra, mode:FULL, rate:0, size:16
2026-05-23 13:58:35, EXEC, v:1, k:fup@concentra, mode:FULL, rate:0, size:16
2026-05-23 13:58:31, MOVE, v:1, k:fup@concentra, mode:EDIT
2026-05-23 13:58:35, MOVE, v:1, k:fup@concentra, mode:EDIT
2026-05-23 14:04:41, MOVE, v:1, k:fup@concentra, mode:EDIT
2026-05-23 14:06:53, EXEC, v:1, k:fup@concentra, mode:FULL, rate:0, size:17
2026-05-23 14:07:40, EXEC, v:1, k:fup@concentra, mode:FULL, rate:100, size:17
2026-05-23 14:08:46, EXEC, v:1, k:fup@concentra, mode:FULL, rate:0, size:18
2026-05-23 14:09:08, EXEC, v:1, k:fup@concentra, mode:FULL, rate:100, size:17
2026-05-23 14:09:25, MOVE, v:1, k:fup@concentra, mode:BACK
2026-05-23 14:09:26, MOVE, v:1, k:fup@concentra, mode:PICK
2026-05-23 14:09:28, MOVE, v:1, k:fup@concentra, mode:BACK
2026-05-23 14:09:34, SELF, v:1, k:fup@concentra, self:1, rate:100
2026-05-23 14:09:08, MOVE, v:1, k:fup@concentra, mode:EDIT
2026-05-23 14:09:08, MOVE, v:1, k:fup@concentra, mode:EDIT
2026-05-23 14:09:51, MOVE, v:1, k:fup@lotado, mode:DOWN
2026-05-23 14:09:52, MOVE, v:1, k:fup@lotado, mode:PICK
2026-05-23 14:09:55, EXEC, v:1, k:fup@lotado, mode:FULL, rate:0, size:5
2026-05-23 14:09:51, MOVE, v:1, k:fup@lotado, mode:EDIT
2026-05-23 14:09:51, MOVE, v:1, k:fup@lotado, mode:EDIT
2026-05-23 14:14:40, MOVE, v:1, k:fup@lotado, mode:EDIT
2026-05-23 14:09:55, MOVE, v:1, k:fup@lotado, mode:EDIT
2026-05-23 14:19:42, MOVE, v:1, k:fup@lotado, mode:EDIT
2026-05-23 14:22:21, EXEC, v:1, k:fup@lotado, mode:FULL, rate:0, size:21
2026-05-23 14:24:38, MOVE, v:1, k:fup@lotado, mode:EDIT
2026-05-23 14:22:21, MOVE, v:1, k:fup@lotado, mode:EDIT
2026-05-23 14:28:21, EXEC, v:1, k:fup@lotado, mode:FULL, rate:0, size:23
2026-05-23 14:29:33, EXEC, v:1, k:fup@lotado, mode:FULL, rate:0, size:26
2026-05-23 14:29:25, MOVE, v:1, k:fup@lotado, mode:EDIT
2026-05-23 14:29:33, MOVE, v:1, k:fup@lotado, mode:EDIT
2026-05-23 14:31:07, EXEC, v:1, k:fup@lotado, mode:FULL, rate:0, size:29
2026-05-23 14:32:58, EXEC, v:1, k:fup@lotado, mode:FULL, rate:0, size:30
2026-05-23 14:33:25, EXEC, v:1, k:fup@lotado, mode:FULL, size:30, fail:COMP
2026-05-23 14:33:42, EXEC, v:1, k:fup@lotado, mode:FULL, rate:0, size:30
2026-05-23 14:34:04, EXEC, v:1, k:fup@lotado, mode:FULL, rate:0, size:30
2026-05-23 14:34:05, EXEC, v:1, k:fup@lotado, mode:FULL, rate:0
2026-05-23 14:34:00, MOVE, v:1, k:fup@lotado, mode:EDIT
2026-05-23 14:34:05, MOVE, v:1, k:fup@lotado, mode:EDIT
2026-05-23 14:41:35, MOVE, v:1, k:fup@lotado, mode:EDIT
2026-05-23 15:05:42, MOVE, v:1, k:fup@lotado, mode:BACK
2026-05-23 15:07:07, MOVE, v:1, k:fup@vet_i, mode:PICK
2026-05-23 15:07:27, EXEC, v:1, k:fup@vet_i, mode:FULL, rate:100
2026-05-23 15:07:27, MOVE, v:1, k:fup@vet_i, mode:EDIT
2026-05-23 15:07:38, MOVE, v:1, k:fup@vet_i, mode:EDIT
2026-05-23 15:13:58, MOVE, v:1, k:fup@vet_i, mode:BACK
2026-05-23 15:18:11, MOVE, v:1, k:sandbox@user_001, mode:PICK
2026-05-23 15:18:12, EXEC, v:1, k:sandbox@user_001, mode:LOCK, rate:0, size:30
2026-05-23 15:18:44, EXEC, v:1, k:sandbox@user_001, mode:LOCK, rate:0
2026-05-23 15:18:44, MOVE, v:1, k:sandbox@user_001, mode:EDIT
2026-05-23 15:21:29, MOVE, v:1, k:sandbox@user_001, mode:BACK
2026-05-23 15:21:41, MOVE, v:1, k:fup@round, mode:PICK
2026-05-23 15:21:42, EXEC, v:1, k:fup@round, mode:FULL, rate:8
2026-05-23 15:21:42, MOVE, v:1, k:fup@round, mode:EDIT
2026-05-23 15:24:56, EXEC, v:1, k:fup@round, mode:FULL, rate:8
2026-05-23 15:24:56, MOVE, v:1, k:fup@round, mode:EDIT
2026-05-23 15:26:23, MOVE, v:1, k:fup@round, mode:EDIT
2026-05-23 15:30:02, MOVE, v:1, k:fup@round, mode:EDIT
