2026-05-21 13:50:15, MOVE, v:1, k:fup@data, mode:DOWN
2026-05-21 13:51:57, MOVE, v:1, k:fup@ceu, mode:DOWN
2026-05-21 13:51:59, MOVE, v:1, k:fup@ceu, mode:PICK
2026-05-21 13:52:02, EXEC, v:1, k:fup@ceu, mode:FULL, rate:0, size:5
2026-05-21 13:51:57, MOVE, v:1, k:fup@ceu, mode:EDIT
2026-05-21 13:51:57, MOVE, v:1, k:fup@ceu, mode:EDIT
2026-05-21 13:51:57, MOVE, v:1, k:fup@ceu, mode:EDIT
2026-05-21 13:52:02, MOVE, v:1, k:fup@ceu, mode:EDIT
2026-05-21 13:58:03, MOVE, v:1, k:fup@ceu, mode:BACK
2026-05-21 13:58:17, MOVE, v:1, k:fup@esconde, mode:DOWN
2026-05-21 13:58:18, MOVE, v:1, k:fup@esconde, mode:PICK
2026-05-21 13:58:19, EXEC, v:1, k:fup@esconde, mode:FULL, rate:0, size:5
2026-05-21 13:58:19, EXEC, v:1, k:fup@esconde, mode:FULL, rate:0, size:5
2026-05-21 13:58:17, MOVE, v:1, k:fup@esconde, mode:EDIT
2026-05-21 13:58:17, MOVE, v:1, k:fup@esconde, mode:EDIT
2026-05-21 13:58:19, MOVE, v:1, k:fup@esconde, mode:EDIT
2026-05-21 14:00:52, MOVE, v:1, k:fup@esconde, mode:EDIT
2026-05-21 14:04:04, EXEC, v:1, k:fup@esconde, mode:FULL, rate:0, size:17
2026-05-21 14:04:29, EXEC, v:1, k:fup@esconde, mode:FULL, rate:0, size:17
2026-05-21 14:05:26, MOVE, v:1, k:fup@esconde, mode:BACK
2026-05-21 14:05:28, MOVE, v:1, k:fup@ceu, mode:PICK
2026-05-21 14:05:29, EXEC, v:1, k:fup@ceu, mode:FULL, rate:0
2026-05-21 14:04:28, MOVE, v:1, k:fup@esconde, mode:EDIT
2026-05-21 14:04:29, MOVE, v:1, k:fup@esconde, mode:EDIT
2026-05-21 14:05:29, MOVE, v:1, k:fup@ceu, mode:EDIT
2026-05-21 14:05:58, MOVE, v:1, k:fup@ceu, mode:EDIT
2026-05-21 14:06:40, EXEC, v:1, k:fup@ceu, mode:FULL, rate:0, size:10
2026-05-21 14:07:35, EXEC, v:1, k:fup@ceu, mode:FULL, rate:0, size:10
2026-05-21 14:08:03, EXEC, v:1, k:fup@ceu, mode:FULL, rate:0, size:10
2026-05-21 14:08:08, EXEC, v:1, k:fup@ceu, mode:FULL, rate:0, size:10
2026-05-21 14:08:47, EXEC, v:1, k:fup@ceu, mode:FULL, rate:0, size:11
2026-05-21 14:09:07, EXEC, v:1, k:fup@ceu, mode:FULL, rate:0, size:11
2026-05-21 14:09:36, EXEC, v:1, k:fup@ceu, mode:FULL, rate:0
2026-05-21 14:10:10, EXEC, v:1, k:fup@ceu, mode:FULL, rate:0, size:11
2026-05-21 14:11:01, EXEC, v:1, k:fup@ceu, mode:FULL, rate:0, size:11
2026-05-21 14:10:59, MOVE, v:1, k:fup@ceu, mode:EDIT
2026-05-21 14:11:01, MOVE, v:1, k:fup@ceu, mode:EDIT
2026-05-21 14:11:16, EXEC, v:1, k:fup@ceu, mode:FULL, rate:0, size:11
2026-05-21 14:13:43, EXEC, v:1, k:fup@ceu, mode:FULL, rate:0, size:11
2026-05-21 14:13:58, EXEC, v:1, k:fup@ceu, mode:FULL, rate:0, size:11
2026-05-21 14:14:39, EXEC, v:1, k:fup@ceu, mode:FULL, rate:0, size:14
2026-05-21 14:14:41, EXEC, v:1, k:fup@ceu, mode:FULL, rate:0, size:13
2026-05-21 14:14:41, EXEC, v:1, k:fup@ceu, mode:FULL, rate:0, size:13
2026-05-21 14:14:41, EXEC, v:1, k:fup@ceu, mode:FULL, rate:0, size:13
2026-05-21 14:14:44, MOVE, v:1, k:fup@ceu, mode:BACK
2026-05-21 14:14:51, MOVE, v:1, k:fup@zigzag, mode:DOWN
2026-05-21 14:15:00, MOVE, v:1, k:fup@zigzag, mode:PICK
2026-05-21 14:15:01, EXEC, v:1, k:fup@zigzag, mode:FULL, rate:0, size:5
2026-05-21 14:14:39, MOVE, v:1, k:fup@ceu, mode:EDIT
2026-05-21 14:14:41, MOVE, v:1, k:fup@ceu, mode:EDIT
2026-05-21 14:14:51, MOVE, v:1, k:fup@zigzag, mode:EDIT
2026-05-21 14:14:51, MOVE, v:1, k:fup@zigzag, mode:EDIT
2026-05-21 14:15:01, MOVE, v:1, k:fup@zigzag, mode:EDIT
2026-05-21 14:20:57, MOVE, v:1, k:fup@zigzag, mode:EDIT
2026-05-21 14:25:46, EXEC, v:1, k:fup@zigzag, mode:FULL, rate:100, size:20
2026-05-21 14:25:45, MOVE, v:1, k:fup@zigzag, mode:EDIT
2026-05-21 14:25:45, MOVE, v:1, k:fup@zigzag, mode:EDIT
2026-05-21 14:26:09, MOVE, v:1, k:fup@zigzag, mode:BACK
2026-05-21 14:26:14, MOVE, v:1, k:fup@ceu, mode:PICK
2026-05-21 14:26:16, EXEC, v:1, k:fup@ceu, mode:FULL, rate:0
2026-05-21 14:26:19, EXEC, v:1, k:fup@ceu, mode:FULL, rate:0
2026-05-21 14:26:20, MOVE, v:1, k:fup@ceu, mode:BACK
2026-05-21 14:26:23, MOVE, v:1, k:fup@esconde, mode:PICK
2026-05-21 14:26:24, EXEC, v:1, k:fup@esconde, mode:FULL, rate:0
2026-05-21 14:26:25, EXEC, v:1, k:fup@esconde, mode:FULL, rate:0
2026-05-21 14:26:26, MOVE, v:1, k:fup@esconde, mode:BACK
2026-05-21 14:26:32, SELF, v:1, k:fup@zigzag, self:1, rate:100
2026-05-21 14:26:44, MOVE, v:1, k:fup@colorido, mode:DOWN
2026-05-21 14:26:46, MOVE, v:1, k:fup@colorido, mode:PICK
2026-05-21 14:26:47, EXEC, v:1, k:fup@colorido, mode:FULL, rate:0, size:5
2026-05-21 14:29:48, MOVE, v:1, k:fup@colorido, mode:BACK
2026-05-21 14:29:52, MOVE, v:1, k:fup@concentra, mode:DOWN
2026-05-21 14:29:54, MOVE, v:1, k:fup@concentra, mode:PICK
2026-05-21 14:29:55, EXEC, v:1, k:fup@concentra, mode:FULL, rate:0, size:5
2026-05-21 14:26:18, MOVE, v:1, k:fup@ceu, mode:EDIT
2026-05-21 14:26:25, MOVE, v:1, k:fup@esconde, mode:EDIT
2026-05-21 14:26:44, MOVE, v:1, k:fup@colorido, mode:EDIT
2026-05-21 14:26:44, MOVE, v:1, k:fup@colorido, mode:EDIT
2026-05-21 14:26:47, MOVE, v:1, k:fup@colorido, mode:EDIT
2026-05-21 14:29:52, MOVE, v:1, k:fup@concentra, mode:EDIT
2026-05-21 14:29:52, MOVE, v:1, k:fup@concentra, mode:EDIT
2026-05-21 14:29:52, MOVE, v:1, k:fup@concentra, mode:EDIT
2026-05-21 14:29:55, MOVE, v:1, k:fup@concentra, mode:EDIT
2026-05-21 14:32:21, MOVE, v:1, k:fup@concentra, mode:BACK
2026-05-21 14:32:30, MOVE, v:1, k:fup@zigzag, mode:PICK
2026-05-21 14:32:32, EXEC, v:1, k:fup@zigzag, mode:FULL, rate:100
2026-05-21 14:32:37, EXEC, v:1, k:fup@zigzag, mode:FULL, rate:100
2026-05-21 14:31:25, MOVE, v:1, k:fup@concentra, mode:EDIT
2026-05-21 14:32:37, MOVE, v:1, k:fup@zigzag, mode:EDIT
2026-05-21 14:37:25, MOVE, v:1, k:fup@zigzag, mode:BACK
2026-05-21 14:37:29, MOVE, v:1, k:fup@ceu, mode:PICK
2026-05-21 14:37:30, EXEC, v:1, k:fup@ceu, mode:FULL, rate:0
2026-05-21 14:40:38, EXEC, v:1, k:fup@ceu, mode:FULL, rate:0, size:16
2026-05-21 14:40:57, EXEC, v:1, k:fup@ceu, mode:FULL, rate:0, size:16
2026-05-21 14:40:55, MOVE, v:1, k:fup@ceu, mode:EDIT
2026-05-21 14:40:54, MOVE, v:1, k:fup@ceu, mode:EDIT
2026-05-21 14:41:10, EXEC, v:1, k:fup@ceu, mode:FULL, rate:0, size:16
2026-05-21 14:41:16, EXEC, v:1, k:fup@ceu, mode:FULL, rate:0, size:16
2026-05-21 14:41:29, EXEC, v:1, k:fup@ceu, mode:FULL, rate:0, size:16
2026-05-21 14:41:33, EXEC, v:1, k:fup@ceu, mode:FULL, rate:0, size:16
2026-05-21 14:41:52, EXEC, v:1, k:fup@ceu, mode:FULL, rate:0, size:16
2026-05-21 14:42:04, EXEC, v:1, k:fup@ceu, mode:FULL, rate:0, size:16
2026-05-21 14:42:09, EXEC, v:1, k:fup@ceu, mode:FULL, rate:0, size:16
2026-05-21 14:42:20, EXEC, v:1, k:fup@ceu, mode:FULL, rate:80, size:16
2026-05-21 14:42:32, EXEC, v:1, k:fup@ceu, mode:FULL, rate:0, size:16
2026-05-21 14:42:51, EXEC, v:1, k:fup@ceu, mode:FULL, rate:80, size:16
2026-05-21 14:44:00, EXEC, v:1, k:fup@ceu, mode:FULL, rate:80, size:18
2026-05-21 14:44:10, EXEC, v:1, k:fup@ceu, mode:FULL, rate:80, size:18
2026-05-21 14:44:47, EXEC, v:1, k:fup@ceu, mode:FULL, rate:80, size:20
2026-05-21 14:44:56, EXEC, v:1, k:fup@ceu, mode:FULL, rate:100, size:20
2026-05-21 14:45:16, EXEC, v:1, k:fup@ceu, mode:FULL, rate:20, size:20
2026-05-21 14:45:22, EXEC, v:1, k:fup@ceu, mode:FULL, rate:20, size:20
2026-05-21 14:45:41, EXEC, v:1, k:fup@ceu, mode:FULL, rate:20, size:19
2026-05-21 14:45:53, EXEC, v:1, k:fup@ceu, mode:FULL, size:19, fail:COMP
2026-05-21 14:45:59, MOVE, v:1, k:fup@ceu, mode:EDIT
2026-05-21 14:45:41, MOVE, v:1, k:fup@ceu, mode:EDIT
2026-05-21 14:46:09, EXEC, v:1, k:fup@ceu, mode:FULL, rate:0, size:19
2026-05-21 14:46:27, EXEC, v:1, k:fup@ceu, mode:FULL, rate:100, size:19
2026-05-21 14:46:40, MOVE, v:1, k:fup@ceu, mode:BACK
2026-05-21 14:46:46, SELF, v:1, k:fup@ceu, self:1, rate:100
2026-05-21 14:49:01, MOVE, v:1, k:fup@esconde, mode:PICK
2026-05-21 14:49:02, EXEC, v:1, k:fup@esconde, mode:FULL, rate:0
2026-05-21 14:49:03, EXEC, v:1, k:fup@esconde, mode:FULL, rate:0
2026-05-21 14:46:26, MOVE, v:1, k:fup@ceu, mode:EDIT
2026-05-21 14:46:27, MOVE, v:1, k:fup@ceu, mode:EDIT
2026-05-21 14:49:03, MOVE, v:1, k:fup@esconde, mode:EDIT
2026-05-21 14:55:45, MOVE, v:1, k:fup@esconde, mode:EDIT
2026-05-21 14:56:05, EXEC, v:1, k:fup@esconde, mode:FULL, rate:100, size:17
2026-05-21 14:57:51, EXEC, v:1, k:fup@esconde, mode:FULL, rate:100
2026-05-21 14:57:52, MOVE, v:1, k:fup@esconde, mode:BACK
2026-05-21 14:57:58, SELF, v:1, k:fup@esconde, self:1, rate:100
2026-05-21 14:58:05, MOVE, v:1, k:fup@colorido, mode:PICK
2026-05-21 15:00:02, MOVE, v:1, k:fup@ceu, mode:PICK
2026-05-21 15:00:03, EXEC, v:1, k:fup@ceu, mode:FULL, rate:100
2026-05-21 15:00:03, MOVE, v:1, k:fup@ceu, mode:EDIT
2026-05-21 15:03:03, MOVE, v:1, k:fup@colorido, mode:EDIT
2026-05-21 15:09:50, MOVE, v:1, k:fup@colorido, mode:EDIT
2026-05-21 15:10:58, MOVE, v:1, k:fup@colorido, mode:EDIT
