2026-05-25 16:55:24, MOVE, v:1, k:fup@round, mode:PICK
2026-05-25 16:55:38, MOVE, v:1, k:fup@round, mode:BACK
2026-05-25 16:56:56, MOVE, v:1, k:fup@colorido, mode:PICK
2026-05-25 16:57:02, MOVE, v:1, k:fup@colorido, mode:BACK
2026-05-25 17:06:29, MOVE, v:1, k:sandbox@user_004, mode:PICK
2026-05-25 17:06:31, EXEC, v:1, k:sandbox@user_004, mode:LOCK, rate:0, size:5
2026-05-25 17:06:26, MOVE, v:1, k:sandbox@user_004, mode:EDIT
2026-05-25 17:06:31, MOVE, v:1, k:sandbox@user_004, mode:EDIT
2026-05-25 17:10:19, MOVE, v:1, k:sandbox@user_004, mode:EDIT
2026-05-25 17:15:06, EXEC, v:1, k:sandbox@user_004, mode:LOCK, rate:0, size:18
2026-05-25 17:15:07, EXEC, v:1, k:sandbox@user_004, mode:LOCK, rate:0
2026-05-25 17:15:09, EXEC, v:1, k:sandbox@user_004, mode:LOCK, rate:0
2026-05-25 17:15:10, EXEC, v:1, k:sandbox@user_004, mode:LOCK, rate:0
2026-05-25 17:15:14, EXEC, v:1, k:sandbox@user_004, mode:LOCK, rate:0
2026-05-25 17:15:15, EXEC, v:1, k:sandbox@user_004, mode:FREE
2026-05-25 17:15:04, MOVE, v:1, k:sandbox@user_004, mode:EDIT
2026-05-25 17:15:17, MOVE, v:1, k:sandbox@user_004, mode:EDIT
2026-05-25 17:20:12, MOVE, v:1, k:sandbox@user_004, mode:EDIT
2026-05-25 17:19:35, MOVE, v:1, k:sandbox@user_004, mode:EDIT
2026-05-25 17:25:22, MOVE, v:1, k:sandbox@user_004, mode:EDIT
2026-05-25 17:24:30, MOVE, v:1, k:sandbox@user_004, mode:EDIT
2026-05-25 17:30:23, MOVE, v:1, k:sandbox@user_004, mode:EDIT
2026-05-25 17:31:10, MOVE, v:1, k:sandbox@user_004, mode:BACK
2026-05-25 17:31:56, MOVE, v:1, k:fup@botas, mode:DOWN
2026-05-25 17:31:56, MOVE, v:1, k:fup@botas, mode:PICK
2026-05-25 17:31:57, EXEC, v:1, k:fup@botas, mode:FULL, rate:0, size:5
2026-05-25 17:31:03, MOVE, v:1, k:sandbox@user_004, mode:EDIT
2026-05-25 17:31:56, MOVE, v:1, k:fup@botas, mode:EDIT
2026-05-25 17:31:56, MOVE, v:1, k:fup@botas, mode:EDIT
2026-05-25 17:32:26, MOVE, v:1, k:fup@botas, mode:EDIT
2026-05-25 17:31:57, MOVE, v:1, k:fup@botas, mode:EDIT
2026-05-25 17:40:21, MOVE, v:1, k:fup@botas, mode:EDIT
2026-05-25 17:44:45, EXEC, v:1, k:fup@botas, mode:FULL, rate:0, size:16
2026-05-25 17:44:42, MOVE, v:1, k:fup@botas, mode:EDIT
2026-05-25 17:44:45, MOVE, v:1, k:fup@botas, mode:EDIT
2026-05-25 17:45:56, EXEC, v:1, k:fup@botas, mode:FULL, rate:0, size:17
2026-05-25 17:46:32, EXEC, v:1, k:fup@botas, mode:FULL, rate:0, size:17
2026-05-25 17:47:10, EXEC, v:1, k:fup@botas, mode:FULL, rate:0, size:17
2026-05-25 17:50:25, MOVE, v:1, k:fup@botas, mode:EDIT
2026-05-25 17:47:10, MOVE, v:1, k:fup@botas, mode:EDIT
2026-05-25 17:55:05, MOVE, v:1, k:fup@botas, mode:EDIT
2026-05-25 17:58:55, MOVE, v:1, k:fup@botas, mode:EDIT
