2026-04-07 17:35:49, MOVE, v:1, k:fup@monica, mode:PICK
2026-04-07 17:35:52, EXEC, v:1, k:fup@monica, mode:FULL, rate:100, size:18
2026-04-07 17:38:56, MOVE, v:1, k:fup@monica, mode:BACK
2026-04-07 17:39:17, SELF, v:1, k:fup@monica, self:1, rate:100
2026-04-07 17:41:21, MOVE, v:1, k:fup@varetas, mode:PICK
2026-04-07 17:41:24, EXEC, v:1, k:fup@varetas, mode:FULL, rate:100
2026-04-07 17:41:26, EXEC, v:1, k:fup@varetas, mode:FULL, rate:100
2026-04-07 17:41:37, MOVE, v:1, k:fup@varetas, mode:BACK
2026-04-07 17:41:43, SELF, v:1, k:fup@varetas, self:1, rate:100
2026-04-07 17:42:24, MOVE, v:1, k:fup@drone, mode:DOWN
2026-04-07 17:42:25, MOVE, v:1, k:fup@drone, mode:PICK
2026-04-07 17:42:27, EXEC, v:1, k:fup@drone, mode:FULL, rate:0, size:5
2026-04-07 17:46:19, MOVE, v:1, k:fup@drone, mode:BACK
2026-04-07 17:46:23, MOVE, v:1, k:fup@teleferico, mode:DOWN
2026-04-07 17:46:25, MOVE, v:1, k:fup@teleferico, mode:PICK
2026-04-07 17:46:36, EXEC, v:1, k:fup@teleferico, mode:FULL, rate:0, size:5
2026-04-07 17:50:43, MOVE, v:1, k:fup@teleferico, mode:BACK
2026-04-07 17:51:01, MOVE, v:1, k:fup@calc, mode:PICK
2026-04-07 17:51:04, EXEC, v:1, k:fup@calc, mode:FULL, rate:100
2026-04-07 18:01:49, MOVE, v:1, k:fup@calc, mode:BACK
2026-04-07 18:02:04, MOVE, v:1, k:fup@goiabas, mode:DOWN
2026-04-07 18:02:33, MOVE, v:1, k:fup@goiabas, mode:PICK
2026-04-07 18:02:35, EXEC, v:1, k:fup@goiabas, mode:FULL, rate:0, size:5
2026-04-07 18:02:35, EXEC, v:1, k:fup@goiabas, mode:FULL, rate:0, size:5
